[0.020s] Invoking command in '/home/francesco/multi_user_backup_for_final/build/azure_kinect_ros_driver': CMAKE_PREFIX_PATH=${CMAKE_PREFIX_PATH}:/home/francesco/ws_moveit2/install/moveit_configs_utils:/home/francesco/ws_moveit2/install/launch_param_builder:/opt/ros/humble /usr/bin/cmake /home/francesco/multi_user_backup_for_final/src/Azure_Kinect_ROS_Driver -DCMAKE_INSTALL_PREFIX=/home/francesco/multi_user_backup_for_final/install/azure_kinect_ros_driver
[0.093s] -- The C compiler identification is GNU 11.4.0
[0.156s] -- The CXX compiler identification is GNU 11.4.0
[0.165s] -- Detecting C compiler ABI info
[0.257s] -- Detecting C compiler ABI info - done
[0.264s] -- Check for working C compiler: /usr/bin/cc - skipped
[0.264s] -- Detecting C compile features
[0.265s] -- Detecting C compile features - done
[0.268s] -- Detecting CXX compiler ABI info
[0.370s] -- Detecting CXX compiler ABI info - done
[0.377s] -- Check for working CXX compiler: /usr/bin/c++ - skipped
[0.377s] -- Detecting CXX compile features
[0.378s] -- Detecting CXX compile features - done
[0.387s] -- Found ament_cmake: 1.3.3 (/opt/ros/humble/share/ament_cmake/cmake)
[0.604s] -- Found Python3: /usr/bin/python3.10 (found version "3.10.12") found components: Interpreter 
[0.802s] -- Found rclcpp: 16.0.3 (/opt/ros/humble/share/rclcpp/cmake)
[0.934s] -- Found rosidl_generator_c: 3.1.4 (/opt/ros/humble/share/rosidl_generator_c/cmake)
[0.953s] -- Found rosidl_adapter: 3.1.4 (/opt/ros/humble/share/rosidl_adapter/cmake)
[0.976s] -- Found rosidl_generator_cpp: 3.1.4 (/opt/ros/humble/share/rosidl_generator_cpp/cmake)
[1.007s] -- Using all available rosidl_typesupport_c: rosidl_typesupport_fastrtps_c;rosidl_typesupport_introspection_c
[1.051s] -- Using all available rosidl_typesupport_cpp: rosidl_typesupport_fastrtps_cpp;rosidl_typesupport_introspection_cpp
[1.197s] -- Found rmw_implementation_cmake: 6.1.1 (/opt/ros/humble/share/rmw_implementation_cmake/cmake)
[1.210s] -- Found rmw_fastrtps_cpp: 6.2.2 (/opt/ros/humble/share/rmw_fastrtps_cpp/cmake)
[1.384s] -- Found OpenSSL: /usr/lib/x86_64-linux-gnu/libcrypto.so (found version "3.0.2")  
[1.423s] -- Found FastRTPS: /opt/ros/humble/include  
[1.493s] -- Using RMW implementation 'rmw_fastrtps_cpp' as default
[1.525s] -- Looking for pthread.h
[1.622s] -- Looking for pthread.h - found
[1.623s] -- Performing Test CMAKE_HAVE_LIBC_PTHREAD
[1.717s] -- Performing Test CMAKE_HAVE_LIBC_PTHREAD - Success
[1.718s] -- Found Threads: TRUE  
[1.914s] -- Found sensor_msgs: 4.2.3 (/opt/ros/humble/share/sensor_msgs/cmake)
[2.057s] -- Found visualization_msgs: 4.2.3 (/opt/ros/humble/share/visualization_msgs/cmake)
[2.189s] -- Found image_transport: 3.1.5 (/opt/ros/humble/share/image_transport/cmake)
[2.289s] -- Found tf2: 0.25.2 (/opt/ros/humble/share/tf2/cmake)
[2.305s] -- Found tf2_ros: 0.25.2 (/opt/ros/humble/share/tf2_ros/cmake)
[2.704s] -- Found tf2_geometry_msgs: 0.25.2 (/opt/ros/humble/share/tf2_geometry_msgs/cmake)
[2.754s] -- Found eigen3_cmake_module: 0.1.1 (/opt/ros/humble/share/eigen3_cmake_module/cmake)
[2.755s] -- Found Eigen3: TRUE (found version "3.4.0") 
[2.756s] -- Ensuring Eigen3 include directory is part of orocos-kdl CMake target
[2.774s] -- Found cv_bridge: 3.2.1 (/opt/ros/humble/share/cv_bridge/cmake)
[2.817s] [0mFinding K4A SDK binaries[0m
[2.857s] -- Body Tracking SDK found: compiling support for Body Tracking
[2.857s] [0mK4A Libs: k4a::k4a;k4a::k4arecord;k4abt::k4abt[0m
[2.857s] [0mK4A DLLs: /usr/lib/x86_64-linux-gnu/libk4a.so.1.4.1;/usr/lib/x86_64-linux-gnu/libk4arecord.so.1.4.1;/usr/lib/libk4abt.so.1.1.2[0m
[2.857s] [0mK4A Install Needed: FALSE[0m
[2.925s] -- Configuring done
[2.938s] -- Generating done
[2.940s] -- Build files have been written to: /home/francesco/multi_user_backup_for_final/build/azure_kinect_ros_driver
