-- Found ament_cmake: 0.9.9 (/opt/ros/foxy/share/ament_cmake/cmake)
-- Using PYTHON_EXECUTABLE: /usr/bin/python3
-- Found rclcpp: 2.4.0 (/opt/ros/foxy/share/rclcpp/cmake)
-- Using all available rosidl_typesupport_c: rosidl_typesupport_fastrtps_c;rosidl_typesupport_introspection_c
-- Found rosidl_adapter: 1.2.1 (/opt/ros/foxy/share/rosidl_adapter/cmake)
-- Using all available rosidl_typesupport_cpp: rosidl_typesupport_fastrtps_cpp;rosidl_typesupport_introspection_cpp
-- Found rmw_implementation_cmake: 1.0.3 (/opt/ros/foxy/share/rmw_implementation_cmake/cmake)
-- Using RMW implementation 'rmw_fastrtps_cpp' as default
-- Found rosbag2_cpp: 0.3.8 (/opt/ros/foxy/share/rosbag2_cpp/cmake)
-- Setting yaml-cpp_DIR to: '/opt/ros/foxy/share/yaml_cpp_vendor/cmake/../../../opt/yaml_cpp_vendor/lib/cmake/yaml-cpp'
-- Found geometry_msgs: 2.0.4 (/opt/ros/foxy/share/geometry_msgs/cmake)
-- Found sensor_msgs: 2.0.4 (/opt/ros/foxy/share/sensor_msgs/cmake)
-- Found visualization_msgs: 2.0.4 (/opt/ros/foxy/share/visualization_msgs/cmake)
-- Found interface_msgs: 0.0.0 (/home/francesco/phd_ws/install/interface_msgs/share/interface_msgs/cmake)
-- Found ament_lint_auto: 0.9.6 (/opt/ros/foxy/share/ament_lint_auto/cmake)
-- Added test 'copyright' to check source files copyright and LICENSE
-- Added test 'cppcheck' to perform static code analysis on C / C++ code
-- Configured cppcheck include dirs: /home/francesco/phd_ws/src/acquisition_block/include
-- Configured cppcheck exclude dirs and/or files: 
-- Added test 'cpplint' to check C / C++ code against the Google style
-- Configured cpplint exclude dirs and/or files: 
-- Added test 'flake8' to check Python code syntax and style conventions
-- Added test 'lint_cmake' to check CMake code style
-- Added test 'pep257' to check Python code against some of the style conventions in PEP 257
-- Added test 'uncrustify' to check C / C++ code style
-- Configured uncrustify additional arguments: 
-- Added test 'xmllint' to check XML markup files
-- Configuring done
-- Generating done
-- Build files have been written to: /home/francesco/phd_ws/src/acquisition_block/build/acquisition_block
[35m[1mScanning dependencies of target example_bag[0m
[35m[1mScanning dependencies of target sk_generator[0m
[35m[1mScanning dependencies of target sq_generator_one[0m
[35m[1mScanning dependencies of target sq_generator_two[0m
[35m[1mScanning dependencies of target bag_recorder[0m
[ 10%] [32mBuilding CXX object CMakeFiles/example_bag.dir/src/example_bag.cpp.o[0m
[ 20%] [32mBuilding CXX object CMakeFiles/sk_generator.dir/src/PoseArray_generator.cpp.o[0m
[ 30%] [32mBuilding CXX object CMakeFiles/sq_generator_two.dir/src/sequences_generator_online.cpp.o[0m
[ 40%] [32mBuilding CXX object CMakeFiles/bag_recorder.dir/src/bag_recorder.cpp.o[0m
[ 50%] [32mBuilding CXX object CMakeFiles/sq_generator_one.dir/src/sequences_generator_offline.cpp.o[0m
[01m[K/home/francesco/phd_ws/src/acquisition_block/src/sequences_generator_offline.cpp:[m[K In member function ‘[01m[Kgeometry_msgs::msg::PoseArray SequenceGenerator::ReferToSpine(geometry_msgs::msg::PoseArray, geometry_msgs::msg::Quaternion)[m[K’:
[01m[K/home/francesco/phd_ws/src/acquisition_block/src/sequences_generator_offline.cpp:60:22:[m[K [01;35m[Kwarning: [m[Kcomparison of integer expressions of different signedness: ‘[01m[Kint[m[K’ and ‘[01m[Kstd::vector<geometry_msgs::msg::Pose_<std::allocator<void> >, std::allocator<geometry_msgs::msg::Pose_<std::allocator<void> > > >::size_type[m[K’ {aka ‘[01m[Klong unsigned int[m[K’} [[01;35m[K-Wsign-compare[m[K]
   60 |     for (int i = 0; [01;35m[Ki<points.poses.size()[m[K; i++)
      |                     [01;35m[K~^~~~~~~~~~~~~~~~~~~~[m[K
[ 60%] [32m[1mLinking CXX executable example_bag[0m
[ 70%] [32m[1mLinking CXX executable bag_recorder[0m
[ 70%] Built target example_bag
[ 80%] [32m[1mLinking CXX executable sk_generator[0m
[ 90%] [32m[1mLinking CXX executable sq_generator_two[0m
[ 90%] Built target bag_recorder
[ 90%] Built target sk_generator
[ 90%] Built target sq_generator_two
[100%] [32m[1mLinking CXX executable sq_generator_one[0m
[100%] Built target sq_generator_one
-- Install configuration: ""
-- Installing: /home/francesco/phd_ws/src/acquisition_block/install/acquisition_block/lib/acquisition_block/sk_generator
-- Set runtime path of "/home/francesco/phd_ws/src/acquisition_block/install/acquisition_block/lib/acquisition_block/sk_generator" to ""
-- Installing: /home/francesco/phd_ws/src/acquisition_block/install/acquisition_block/lib/acquisition_block/sq_generator_one
-- Set runtime path of "/home/francesco/phd_ws/src/acquisition_block/install/acquisition_block/lib/acquisition_block/sq_generator_one" to ""
-- Installing: /home/francesco/phd_ws/src/acquisition_block/install/acquisition_block/lib/acquisition_block/sq_generator_two
-- Set runtime path of "/home/francesco/phd_ws/src/acquisition_block/install/acquisition_block/lib/acquisition_block/sq_generator_two" to ""
-- Installing: /home/francesco/phd_ws/src/acquisition_block/install/acquisition_block/lib/acquisition_block/bag_recorder
-- Set runtime path of "/home/francesco/phd_ws/src/acquisition_block/install/acquisition_block/lib/acquisition_block/bag_recorder" to ""
-- Installing: /home/francesco/phd_ws/src/acquisition_block/install/acquisition_block/lib/acquisition_block/example_bag
-- Set runtime path of "/home/francesco/phd_ws/src/acquisition_block/install/acquisition_block/lib/acquisition_block/example_bag" to ""
-- Installing: /home/francesco/phd_ws/src/acquisition_block/install/acquisition_block/share/acquisition_block//launch
-- Installing: /home/francesco/phd_ws/src/acquisition_block/install/acquisition_block/share/acquisition_block//launch/record_all_data.launch.py
-- Installing: /home/francesco/phd_ws/src/acquisition_block/install/acquisition_block/share/acquisition_block//launch/preprocessing_offline.launch.py
-- Installing: /home/francesco/phd_ws/src/acquisition_block/install/acquisition_block/share/acquisition_block//launch/preprocessing_online.launch.py
-- Installing: /home/francesco/phd_ws/src/acquisition_block/install/acquisition_block/share/ament_index/resource_index/package_run_dependencies/acquisition_block
-- Installing: /home/francesco/phd_ws/src/acquisition_block/install/acquisition_block/share/ament_index/resource_index/parent_prefix_path/acquisition_block
-- Installing: /home/francesco/phd_ws/src/acquisition_block/install/acquisition_block/share/acquisition_block/environment/ament_prefix_path.sh
-- Installing: /home/francesco/phd_ws/src/acquisition_block/install/acquisition_block/share/acquisition_block/environment/ament_prefix_path.dsv
-- Installing: /home/francesco/phd_ws/src/acquisition_block/install/acquisition_block/share/acquisition_block/environment/path.sh
-- Installing: /home/francesco/phd_ws/src/acquisition_block/install/acquisition_block/share/acquisition_block/environment/path.dsv
-- Installing: /home/francesco/phd_ws/src/acquisition_block/install/acquisition_block/share/acquisition_block/local_setup.bash
-- Installing: /home/francesco/phd_ws/src/acquisition_block/install/acquisition_block/share/acquisition_block/local_setup.sh
-- Installing: /home/francesco/phd_ws/src/acquisition_block/install/acquisition_block/share/acquisition_block/local_setup.zsh
-- Installing: /home/francesco/phd_ws/src/acquisition_block/install/acquisition_block/share/acquisition_block/local_setup.dsv
-- Installing: /home/francesco/phd_ws/src/acquisition_block/install/acquisition_block/share/acquisition_block/package.dsv
-- Installing: /home/francesco/phd_ws/src/acquisition_block/install/acquisition_block/share/ament_index/resource_index/packages/acquisition_block
-- Installing: /home/francesco/phd_ws/src/acquisition_block/install/acquisition_block/share/acquisition_block/cmake/acquisition_blockConfig.cmake
-- Installing: /home/francesco/phd_ws/src/acquisition_block/install/acquisition_block/share/acquisition_block/cmake/acquisition_blockConfig-version.cmake
-- Installing: /home/francesco/phd_ws/src/acquisition_block/install/acquisition_block/share/acquisition_block/package.xml
