[0.012s] Invoking command in '/home/francesco/phd_ws/src/acquisition_block/build/acquisition_block': CMAKE_PREFIX_PATH=${CMAKE_PREFIX_PATH}:/home/francesco/phd_ws/install/reasoning_block:/home/francesco/dev_ws/install/py_pubsub:/home/francesco/dev_ws/install/example:/opt/ros/foxy /usr/bin/cmake /home/francesco/phd_ws/src/acquisition_block -DCMAKE_INSTALL_PREFIX=/home/francesco/phd_ws/src/acquisition_block/install/acquisition_block
[0.027s] -- Found ament_cmake: 0.9.9 (/opt/ros/foxy/share/ament_cmake/cmake)
[0.046s] -- Using PYTHON_EXECUTABLE: /usr/bin/python3
[0.227s] -- Found rclcpp: 2.4.0 (/opt/ros/foxy/share/rclcpp/cmake)
[0.257s] -- Using all available rosidl_typesupport_c: rosidl_typesupport_fastrtps_c;rosidl_typesupport_introspection_c
[0.260s] -- Found rosidl_adapter: 1.2.1 (/opt/ros/foxy/share/rosidl_adapter/cmake)
[0.364s] -- Using all available rosidl_typesupport_cpp: rosidl_typesupport_fastrtps_cpp;rosidl_typesupport_introspection_cpp
[0.410s] -- Found rmw_implementation_cmake: 1.0.3 (/opt/ros/foxy/share/rmw_implementation_cmake/cmake)
[0.411s] -- Using RMW implementation 'rmw_fastrtps_cpp' as default
[0.535s] -- Found rosbag2_cpp: 0.3.8 (/opt/ros/foxy/share/rosbag2_cpp/cmake)
[0.561s] -- Setting yaml-cpp_DIR to: '/opt/ros/foxy/share/yaml_cpp_vendor/cmake/../../../opt/yaml_cpp_vendor/lib/cmake/yaml-cpp'
[0.564s] -- Found geometry_msgs: 2.0.4 (/opt/ros/foxy/share/geometry_msgs/cmake)
[0.594s] -- Found sensor_msgs: 2.0.4 (/opt/ros/foxy/share/sensor_msgs/cmake)
[0.655s] -- Found visualization_msgs: 2.0.4 (/opt/ros/foxy/share/visualization_msgs/cmake)
[0.727s] -- Found interface_msgs: 0.0.0 (/home/francesco/phd_ws/install/interface_msgs/share/interface_msgs/cmake)
[0.777s] -- Found ament_lint_auto: 0.9.6 (/opt/ros/foxy/share/ament_lint_auto/cmake)
[0.841s] -- Added test 'copyright' to check source files copyright and LICENSE
[0.846s] -- Added test 'cppcheck' to perform static code analysis on C / C++ code
[0.847s] -- Configured cppcheck include dirs: /home/francesco/phd_ws/src/acquisition_block/include
[0.847s] -- Configured cppcheck exclude dirs and/or files: 
[0.852s] -- Added test 'cpplint' to check C / C++ code against the Google style
[0.852s] -- Configured cpplint exclude dirs and/or files: 
[0.853s] -- Added test 'flake8' to check Python code syntax and style conventions
[0.854s] -- Added test 'lint_cmake' to check CMake code style
[0.855s] -- Added test 'pep257' to check Python code against some of the style conventions in PEP 257
[0.860s] -- Added test 'uncrustify' to check C / C++ code style
[0.860s] -- Configured uncrustify additional arguments: 
[0.861s] -- Added test 'xmllint' to check XML markup files
[0.864s] -- Configuring done
[0.886s] -- Generating done
[0.888s] -- Build files have been written to: /home/francesco/phd_ws/src/acquisition_block/build/acquisition_block
[0.894s] Invoked command in '/home/francesco/phd_ws/src/acquisition_block/build/acquisition_block' returned '0': CMAKE_PREFIX_PATH=${CMAKE_PREFIX_PATH}:/home/francesco/phd_ws/install/reasoning_block:/home/francesco/dev_ws/install/py_pubsub:/home/francesco/dev_ws/install/example:/opt/ros/foxy /usr/bin/cmake /home/francesco/phd_ws/src/acquisition_block -DCMAKE_INSTALL_PREFIX=/home/francesco/phd_ws/src/acquisition_block/install/acquisition_block
[0.896s] Invoking command in '/home/francesco/phd_ws/src/acquisition_block/build/acquisition_block': CMAKE_PREFIX_PATH=${CMAKE_PREFIX_PATH}:/home/francesco/phd_ws/install/reasoning_block:/home/francesco/dev_ws/install/py_pubsub:/home/francesco/dev_ws/install/example:/opt/ros/foxy /usr/bin/cmake --build /home/francesco/phd_ws/src/acquisition_block/build/acquisition_block -- -j12 -l12
[0.932s] [35m[1mScanning dependencies of target example_bag[0m
[0.933s] [35m[1mScanning dependencies of target sk_generator[0m
[0.933s] [35m[1mScanning dependencies of target sq_generator_one[0m
[0.933s] [35m[1mScanning dependencies of target sq_generator_two[0m
[0.933s] [35m[1mScanning dependencies of target bag_recorder[0m
[0.971s] [ 10%] [32mBuilding CXX object CMakeFiles/example_bag.dir/src/example_bag.cpp.o[0m
[0.974s] [ 20%] [32mBuilding CXX object CMakeFiles/sk_generator.dir/src/PoseArray_generator.cpp.o[0m
[0.977s] [ 30%] [32mBuilding CXX object CMakeFiles/sq_generator_two.dir/src/sequences_generator_online.cpp.o[0m
[0.982s] [ 40%] [32mBuilding CXX object CMakeFiles/bag_recorder.dir/src/bag_recorder.cpp.o[0m
[1.043s] [ 50%] [32mBuilding CXX object CMakeFiles/sq_generator_one.dir/src/sequences_generator_offline.cpp.o[0m
[2.943s] [01m[K/home/francesco/phd_ws/src/acquisition_block/src/sequences_generator_offline.cpp:[m[K In member function ‘[01m[Kgeometry_msgs::msg::PoseArray SequenceGenerator::ReferToSpine(geometry_msgs::msg::PoseArray, geometry_msgs::msg::Quaternion)[m[K’:
[2.943s] [01m[K/home/francesco/phd_ws/src/acquisition_block/src/sequences_generator_offline.cpp:60:22:[m[K [01;35m[Kwarning: [m[Kcomparison of integer expressions of different signedness: ‘[01m[Kint[m[K’ and ‘[01m[Kstd::vector<geometry_msgs::msg::Pose_<std::allocator<void> >, std::allocator<geometry_msgs::msg::Pose_<std::allocator<void> > > >::size_type[m[K’ {aka ‘[01m[Klong unsigned int[m[K’} [[01;35m[K-Wsign-compare[m[K]
[2.943s]    60 |     for (int i = 0; [01;35m[Ki<points.poses.size()[m[K; i++)
[2.943s]       |                     [01;35m[K~^~~~~~~~~~~~~~~~~~~~[m[K
[5.466s] [ 60%] [32m[1mLinking CXX executable example_bag[0m
[5.729s] [ 70%] [32m[1mLinking CXX executable bag_recorder[0m
[5.732s] [ 70%] Built target example_bag
[5.867s] [ 80%] [32m[1mLinking CXX executable sk_generator[0m
[5.954s] [ 90%] [32m[1mLinking CXX executable sq_generator_two[0m
[6.033s] [ 90%] Built target bag_recorder
[6.152s] [ 90%] Built target sk_generator
[6.224s] [ 90%] Built target sq_generator_two
[6.919s] [100%] [32m[1mLinking CXX executable sq_generator_one[0m
[7.149s] [100%] Built target sq_generator_one
[7.158s] Invoked command in '/home/francesco/phd_ws/src/acquisition_block/build/acquisition_block' returned '0': CMAKE_PREFIX_PATH=${CMAKE_PREFIX_PATH}:/home/francesco/phd_ws/install/reasoning_block:/home/francesco/dev_ws/install/py_pubsub:/home/francesco/dev_ws/install/example:/opt/ros/foxy /usr/bin/cmake --build /home/francesco/phd_ws/src/acquisition_block/build/acquisition_block -- -j12 -l12
[7.197s] Invoking command in '/home/francesco/phd_ws/src/acquisition_block/build/acquisition_block': CMAKE_PREFIX_PATH=${CMAKE_PREFIX_PATH}:/home/francesco/phd_ws/install/reasoning_block:/home/francesco/dev_ws/install/py_pubsub:/home/francesco/dev_ws/install/example:/opt/ros/foxy /usr/bin/cmake --install /home/francesco/phd_ws/src/acquisition_block/build/acquisition_block
[7.205s] -- Install configuration: ""
[7.205s] -- Installing: /home/francesco/phd_ws/src/acquisition_block/install/acquisition_block/lib/acquisition_block/sk_generator
[7.207s] -- Set runtime path of "/home/francesco/phd_ws/src/acquisition_block/install/acquisition_block/lib/acquisition_block/sk_generator" to ""
[7.207s] -- Installing: /home/francesco/phd_ws/src/acquisition_block/install/acquisition_block/lib/acquisition_block/sq_generator_one
[7.209s] -- Set runtime path of "/home/francesco/phd_ws/src/acquisition_block/install/acquisition_block/lib/acquisition_block/sq_generator_one" to ""
[7.209s] -- Installing: /home/francesco/phd_ws/src/acquisition_block/install/acquisition_block/lib/acquisition_block/sq_generator_two
[7.211s] -- Set runtime path of "/home/francesco/phd_ws/src/acquisition_block/install/acquisition_block/lib/acquisition_block/sq_generator_two" to ""
[7.211s] -- Installing: /home/francesco/phd_ws/src/acquisition_block/install/acquisition_block/lib/acquisition_block/bag_recorder
[7.213s] -- Set runtime path of "/home/francesco/phd_ws/src/acquisition_block/install/acquisition_block/lib/acquisition_block/bag_recorder" to ""
[7.213s] -- Installing: /home/francesco/phd_ws/src/acquisition_block/install/acquisition_block/lib/acquisition_block/example_bag
[7.216s] -- Set runtime path of "/home/francesco/phd_ws/src/acquisition_block/install/acquisition_block/lib/acquisition_block/example_bag" to ""
[7.216s] -- Installing: /home/francesco/phd_ws/src/acquisition_block/install/acquisition_block/share/acquisition_block//launch
[7.216s] -- Installing: /home/francesco/phd_ws/src/acquisition_block/install/acquisition_block/share/acquisition_block//launch/record_all_data.launch.py
[7.217s] -- Installing: /home/francesco/phd_ws/src/acquisition_block/install/acquisition_block/share/acquisition_block//launch/preprocessing_offline.launch.py
[7.217s] -- Installing: /home/francesco/phd_ws/src/acquisition_block/install/acquisition_block/share/acquisition_block//launch/preprocessing_online.launch.py
[7.217s] -- Installing: /home/francesco/phd_ws/src/acquisition_block/install/acquisition_block/share/ament_index/resource_index/package_run_dependencies/acquisition_block
[7.217s] -- Installing: /home/francesco/phd_ws/src/acquisition_block/install/acquisition_block/share/ament_index/resource_index/parent_prefix_path/acquisition_block
[7.218s] -- Installing: /home/francesco/phd_ws/src/acquisition_block/install/acquisition_block/share/acquisition_block/environment/ament_prefix_path.sh
[7.218s] -- Installing: /home/francesco/phd_ws/src/acquisition_block/install/acquisition_block/share/acquisition_block/environment/ament_prefix_path.dsv
[7.218s] -- Installing: /home/francesco/phd_ws/src/acquisition_block/install/acquisition_block/share/acquisition_block/environment/path.sh
[7.218s] -- Installing: /home/francesco/phd_ws/src/acquisition_block/install/acquisition_block/share/acquisition_block/environment/path.dsv
[7.218s] -- Installing: /home/francesco/phd_ws/src/acquisition_block/install/acquisition_block/share/acquisition_block/local_setup.bash
[7.218s] -- Installing: /home/francesco/phd_ws/src/acquisition_block/install/acquisition_block/share/acquisition_block/local_setup.sh
[7.218s] -- Installing: /home/francesco/phd_ws/src/acquisition_block/install/acquisition_block/share/acquisition_block/local_setup.zsh
[7.218s] -- Installing: /home/francesco/phd_ws/src/acquisition_block/install/acquisition_block/share/acquisition_block/local_setup.dsv
[7.218s] -- Installing: /home/francesco/phd_ws/src/acquisition_block/install/acquisition_block/share/acquisition_block/package.dsv
[7.219s] -- Installing: /home/francesco/phd_ws/src/acquisition_block/install/acquisition_block/share/ament_index/resource_index/packages/acquisition_block
[7.219s] -- Installing: /home/francesco/phd_ws/src/acquisition_block/install/acquisition_block/share/acquisition_block/cmake/acquisition_blockConfig.cmake
[7.219s] -- Installing: /home/francesco/phd_ws/src/acquisition_block/install/acquisition_block/share/acquisition_block/cmake/acquisition_blockConfig-version.cmake
[7.219s] -- Installing: /home/francesco/phd_ws/src/acquisition_block/install/acquisition_block/share/acquisition_block/package.xml
[7.222s] Invoked command in '/home/francesco/phd_ws/src/acquisition_block/build/acquisition_block' returned '0': CMAKE_PREFIX_PATH=${CMAKE_PREFIX_PATH}:/home/francesco/phd_ws/install/reasoning_block:/home/francesco/dev_ws/install/py_pubsub:/home/francesco/dev_ws/install/example:/opt/ros/foxy /usr/bin/cmake --install /home/francesco/phd_ws/src/acquisition_block/build/acquisition_block
