[0.269s] DEBUG:colcon:Command line arguments: ['/usr/bin/colcon', 'build']
[0.269s] DEBUG:colcon:Parsed command line arguments: Namespace(ament_cmake_args=None, base_paths=['.'], build_base='build', catkin_cmake_args=None, catkin_skip_building_tests=False, cmake_args=None, cmake_clean_cache=False, cmake_clean_first=False, cmake_force_configure=False, cmake_target=None, cmake_target_skip_unavailable=False, continue_on_error=False, event_handlers=None, executor='parallel', ignore_user_meta=False, install_base='install', log_base=None, log_level=None, main=<bound method BuildVerb.main of <colcon_core.verb.build.BuildVerb object at 0x7fec7d2c9bb0>>, merge_install=False, metas=['./colcon.meta'], packages_above=None, packages_above_and_dependencies=None, packages_above_depth=None, packages_end=None, packages_ignore=None, packages_ignore_regex=None, packages_select=None, packages_select_build_failed=False, packages_select_by_dep=None, packages_select_regex=None, packages_select_test_failures=False, packages_skip=None, packages_skip_build_finished=False, packages_skip_by_dep=None, packages_skip_regex=None, packages_skip_test_passed=False, packages_skip_up_to=None, packages_start=None, packages_up_to=None, packages_up_to_regex=None, parallel_workers=12, paths=None, symlink_install=False, test_result_base=None, verb_extension=<colcon_core.verb.build.BuildVerb object at 0x7fec7d2c9bb0>, verb_name='build', verb_parser=<colcon_defaults.argument_parser.defaults.DefaultArgumentsDecorator object at 0x7fec7d2d5160>)
[0.273s] Level 1:colcon.colcon_core.package_discovery:discover_packages(colcon_meta) check parameters
[0.274s] Level 1:colcon.colcon_core.package_discovery:discover_packages(recursive) check parameters
[0.274s] Level 1:colcon.colcon_core.package_discovery:discover_packages(ignore) check parameters
[0.274s] Level 1:colcon.colcon_core.package_discovery:discover_packages(path) check parameters
[0.274s] Level 1:colcon.colcon_core.package_discovery:discover_packages(colcon_meta) discover
[0.274s] Level 1:colcon.colcon_core.package_discovery:discover_packages(recursive) discover
[0.274s] INFO:colcon.colcon_core.package_discovery:Crawling recursively for packages in '/home/francesco/phd_ws/src/acquisition_block'
[0.274s] Level 1:colcon.colcon_core.package_identification:_identify(.) by extensions ['ignore', 'ignore_ament_install']
[0.274s] Level 1:colcon.colcon_core.package_identification:_identify(.) by extension 'ignore'
[0.274s] Level 1:colcon.colcon_core.package_identification:_identify(.) by extension 'ignore_ament_install'
[0.274s] Level 1:colcon.colcon_core.package_identification:_identify(.) by extensions ['colcon_pkg']
[0.274s] Level 1:colcon.colcon_core.package_identification:_identify(.) by extension 'colcon_pkg'
[0.274s] Level 1:colcon.colcon_core.package_identification:_identify(.) by extensions ['colcon_meta']
[0.274s] Level 1:colcon.colcon_core.package_identification:_identify(.) by extension 'colcon_meta'
[0.274s] Level 1:colcon.colcon_core.package_identification:_identify(.) by extensions ['ros']
[0.274s] Level 1:colcon.colcon_core.package_identification:_identify(.) by extension 'ros'
[0.285s] DEBUG:colcon.colcon_core.package_identification:Package '.' with type 'ros.ament_cmake' and name 'acquisition_block'
[0.285s] Level 1:colcon.colcon_core.package_discovery:discover_packages(recursive) using defaults
[0.286s] Level 1:colcon.colcon_core.package_discovery:discover_packages(ignore) discover
[0.286s] Level 1:colcon.colcon_core.package_discovery:discover_packages(ignore) using defaults
[0.286s] Level 1:colcon.colcon_core.package_discovery:discover_packages(path) discover
[0.286s] Level 1:colcon.colcon_core.package_discovery:discover_packages(path) using defaults
[0.301s] Level 5:colcon.colcon_core.verb:set package 'acquisition_block' build argument 'cmake_args' from command line to 'None'
[0.301s] Level 5:colcon.colcon_core.verb:set package 'acquisition_block' build argument 'cmake_target' from command line to 'None'
[0.301s] Level 5:colcon.colcon_core.verb:set package 'acquisition_block' build argument 'cmake_target_skip_unavailable' from command line to 'False'
[0.301s] Level 5:colcon.colcon_core.verb:set package 'acquisition_block' build argument 'cmake_clean_cache' from command line to 'False'
[0.301s] Level 5:colcon.colcon_core.verb:set package 'acquisition_block' build argument 'cmake_clean_first' from command line to 'False'
[0.302s] Level 5:colcon.colcon_core.verb:set package 'acquisition_block' build argument 'cmake_force_configure' from command line to 'False'
[0.302s] Level 5:colcon.colcon_core.verb:set package 'acquisition_block' build argument 'ament_cmake_args' from command line to 'None'
[0.302s] Level 5:colcon.colcon_core.verb:set package 'acquisition_block' build argument 'catkin_cmake_args' from command line to 'None'
[0.302s] Level 5:colcon.colcon_core.verb:set package 'acquisition_block' build argument 'catkin_skip_building_tests' from command line to 'False'
[0.302s] DEBUG:colcon.colcon_core.verb:Building package 'acquisition_block' with the following arguments: {'ament_cmake_args': None, 'build_base': '/home/francesco/phd_ws/src/acquisition_block/build/acquisition_block', 'catkin_cmake_args': None, 'catkin_skip_building_tests': False, 'cmake_args': None, 'cmake_clean_cache': False, 'cmake_clean_first': False, 'cmake_force_configure': False, 'cmake_target': None, 'cmake_target_skip_unavailable': False, 'install_base': '/home/francesco/phd_ws/src/acquisition_block/install/acquisition_block', 'merge_install': False, 'path': '/home/francesco/phd_ws/src/acquisition_block', 'symlink_install': False, 'test_result_base': None}
[0.302s] INFO:colcon.colcon_core.executor:Executing jobs using 'parallel' executor
[0.304s] DEBUG:colcon.colcon_parallel_executor.executor.parallel:run_until_complete
[0.304s] INFO:colcon.colcon_ros.task.ament_cmake.build:Building ROS package in '/home/francesco/phd_ws/src/acquisition_block' with build type 'ament_cmake'
[0.304s] INFO:colcon.colcon_cmake.task.cmake.build:Building CMake package in '/home/francesco/phd_ws/src/acquisition_block'
[0.307s] INFO:colcon.colcon_core.plugin_system:Skipping extension 'colcon_core.shell.bat': Not used on non-Windows systems
[0.307s] INFO:colcon.colcon_core.shell:Skip shell extension 'powershell' for command environment: Not usable outside of PowerShell
[0.307s] DEBUG:colcon.colcon_core.shell:Skip shell extension 'dsv' for command environment
[0.309s] DEBUG:colcon.colcon_core.shell:Ignoring prefix path '/opt/ros/foxy'
[0.316s] DEBUG:colcon.colcon_core.event_handler.log_command:Invoking command in '/home/francesco/phd_ws/src/acquisition_block/build/acquisition_block': CMAKE_PREFIX_PATH=${CMAKE_PREFIX_PATH}:/home/francesco/phd_ws/install/reasoning_block:/home/francesco/dev_ws/install/py_pubsub:/home/francesco/dev_ws/install/example:/opt/ros/foxy /usr/bin/cmake /home/francesco/phd_ws/src/acquisition_block -DCMAKE_INSTALL_PREFIX=/home/francesco/phd_ws/src/acquisition_block/install/acquisition_block
[1.198s] DEBUG:colcon.colcon_core.event_handler.log_command:Invoked command in '/home/francesco/phd_ws/src/acquisition_block/build/acquisition_block' returned '0': CMAKE_PREFIX_PATH=${CMAKE_PREFIX_PATH}:/home/francesco/phd_ws/install/reasoning_block:/home/francesco/dev_ws/install/py_pubsub:/home/francesco/dev_ws/install/example:/opt/ros/foxy /usr/bin/cmake /home/francesco/phd_ws/src/acquisition_block -DCMAKE_INSTALL_PREFIX=/home/francesco/phd_ws/src/acquisition_block/install/acquisition_block
[1.200s] DEBUG:colcon.colcon_core.event_handler.log_command:Invoking command in '/home/francesco/phd_ws/src/acquisition_block/build/acquisition_block': CMAKE_PREFIX_PATH=${CMAKE_PREFIX_PATH}:/home/francesco/phd_ws/install/reasoning_block:/home/francesco/dev_ws/install/py_pubsub:/home/francesco/dev_ws/install/example:/opt/ros/foxy /usr/bin/cmake --build /home/francesco/phd_ws/src/acquisition_block/build/acquisition_block -- -j12 -l12
[7.463s] DEBUG:colcon.colcon_core.event_handler.log_command:Invoked command in '/home/francesco/phd_ws/src/acquisition_block/build/acquisition_block' returned '0': CMAKE_PREFIX_PATH=${CMAKE_PREFIX_PATH}:/home/francesco/phd_ws/install/reasoning_block:/home/francesco/dev_ws/install/py_pubsub:/home/francesco/dev_ws/install/example:/opt/ros/foxy /usr/bin/cmake --build /home/francesco/phd_ws/src/acquisition_block/build/acquisition_block -- -j12 -l12
[7.501s] DEBUG:colcon.colcon_core.event_handler.log_command:Invoking command in '/home/francesco/phd_ws/src/acquisition_block/build/acquisition_block': CMAKE_PREFIX_PATH=${CMAKE_PREFIX_PATH}:/home/francesco/phd_ws/install/reasoning_block:/home/francesco/dev_ws/install/py_pubsub:/home/francesco/dev_ws/install/example:/opt/ros/foxy /usr/bin/cmake --install /home/francesco/phd_ws/src/acquisition_block/build/acquisition_block
[7.525s] Level 1:colcon.colcon_core.environment:create_environment_scripts_only(acquisition_block)
[7.526s] DEBUG:colcon.colcon_core.event_handler.log_command:Invoked command in '/home/francesco/phd_ws/src/acquisition_block/build/acquisition_block' returned '0': CMAKE_PREFIX_PATH=${CMAKE_PREFIX_PATH}:/home/francesco/phd_ws/install/reasoning_block:/home/francesco/dev_ws/install/py_pubsub:/home/francesco/dev_ws/install/example:/opt/ros/foxy /usr/bin/cmake --install /home/francesco/phd_ws/src/acquisition_block/build/acquisition_block
[7.528s] Level 1:colcon.colcon_core.environment:checking '/home/francesco/phd_ws/src/acquisition_block/install/acquisition_block' for CMake module files
[7.529s] Level 1:colcon.colcon_core.environment:checking '/home/francesco/phd_ws/src/acquisition_block/install/acquisition_block' for CMake config files
[7.529s] Level 1:colcon.colcon_core.shell:create_environment_hook('acquisition_block', 'cmake_prefix_path')
[7.529s] INFO:colcon.colcon_core.shell:Creating environment hook '/home/francesco/phd_ws/src/acquisition_block/install/acquisition_block/share/acquisition_block/hook/cmake_prefix_path.ps1'
[7.530s] INFO:colcon.colcon_core.shell:Creating environment descriptor '/home/francesco/phd_ws/src/acquisition_block/install/acquisition_block/share/acquisition_block/hook/cmake_prefix_path.dsv'
[7.531s] INFO:colcon.colcon_core.shell:Creating environment hook '/home/francesco/phd_ws/src/acquisition_block/install/acquisition_block/share/acquisition_block/hook/cmake_prefix_path.sh'
[7.532s] Level 1:colcon.colcon_core.environment:checking '/home/francesco/phd_ws/src/acquisition_block/install/acquisition_block/lib'
[7.532s] Level 1:colcon.colcon_core.environment:checking '/home/francesco/phd_ws/src/acquisition_block/install/acquisition_block/bin'
[7.532s] Level 1:colcon.colcon_core.environment:checking '/home/francesco/phd_ws/src/acquisition_block/install/acquisition_block/lib/pkgconfig/acquisition_block.pc'
[7.532s] Level 1:colcon.colcon_core.environment:checking '/home/francesco/phd_ws/src/acquisition_block/install/acquisition_block/lib/python3.8/site-packages'
[7.533s] INFO:colcon.colcon_core.shell:Creating package script '/home/francesco/phd_ws/src/acquisition_block/install/acquisition_block/share/acquisition_block/package.ps1'
[7.533s] INFO:colcon.colcon_core.shell:Creating package descriptor '/home/francesco/phd_ws/src/acquisition_block/install/acquisition_block/share/acquisition_block/package.dsv'
[7.534s] INFO:colcon.colcon_core.shell:Creating package script '/home/francesco/phd_ws/src/acquisition_block/install/acquisition_block/share/acquisition_block/package.sh'
[7.534s] INFO:colcon.colcon_core.shell:Creating package script '/home/francesco/phd_ws/src/acquisition_block/install/acquisition_block/share/acquisition_block/package.bash'
[7.535s] INFO:colcon.colcon_core.shell:Creating package script '/home/francesco/phd_ws/src/acquisition_block/install/acquisition_block/share/acquisition_block/package.zsh'
[7.536s] Level 1:colcon.colcon_core.environment:create_file_with_runtime_dependencies(/home/francesco/phd_ws/src/acquisition_block/install/acquisition_block/share/colcon-core/packages/acquisition_block)
[7.564s] Level 1:colcon.colcon_core.environment:create_environment_scripts_only(acquisition_block)
[7.565s] Level 1:colcon.colcon_core.environment:checking '/home/francesco/phd_ws/src/acquisition_block/install/acquisition_block' for CMake module files
[7.565s] Level 1:colcon.colcon_core.environment:checking '/home/francesco/phd_ws/src/acquisition_block/install/acquisition_block' for CMake config files
[7.566s] Level 1:colcon.colcon_core.shell:create_environment_hook('acquisition_block', 'cmake_prefix_path')
[7.566s] INFO:colcon.colcon_core.shell:Creating environment hook '/home/francesco/phd_ws/src/acquisition_block/install/acquisition_block/share/acquisition_block/hook/cmake_prefix_path.ps1'
[7.567s] INFO:colcon.colcon_core.shell:Creating environment descriptor '/home/francesco/phd_ws/src/acquisition_block/install/acquisition_block/share/acquisition_block/hook/cmake_prefix_path.dsv'
[7.567s] INFO:colcon.colcon_core.shell:Creating environment hook '/home/francesco/phd_ws/src/acquisition_block/install/acquisition_block/share/acquisition_block/hook/cmake_prefix_path.sh'
[7.567s] Level 1:colcon.colcon_core.environment:checking '/home/francesco/phd_ws/src/acquisition_block/install/acquisition_block/lib'
[7.567s] Level 1:colcon.colcon_core.environment:checking '/home/francesco/phd_ws/src/acquisition_block/install/acquisition_block/bin'
[7.567s] Level 1:colcon.colcon_core.environment:checking '/home/francesco/phd_ws/src/acquisition_block/install/acquisition_block/lib/pkgconfig/acquisition_block.pc'
[7.568s] Level 1:colcon.colcon_core.environment:checking '/home/francesco/phd_ws/src/acquisition_block/install/acquisition_block/lib/python3.8/site-packages'
[7.568s] INFO:colcon.colcon_core.shell:Creating package script '/home/francesco/phd_ws/src/acquisition_block/install/acquisition_block/share/acquisition_block/package.ps1'
[7.568s] INFO:colcon.colcon_core.shell:Creating package descriptor '/home/francesco/phd_ws/src/acquisition_block/install/acquisition_block/share/acquisition_block/package.dsv'
[7.569s] INFO:colcon.colcon_core.shell:Creating package script '/home/francesco/phd_ws/src/acquisition_block/install/acquisition_block/share/acquisition_block/package.sh'
[7.569s] INFO:colcon.colcon_core.shell:Creating package script '/home/francesco/phd_ws/src/acquisition_block/install/acquisition_block/share/acquisition_block/package.bash'
[7.570s] INFO:colcon.colcon_core.shell:Creating package script '/home/francesco/phd_ws/src/acquisition_block/install/acquisition_block/share/acquisition_block/package.zsh'
[7.570s] Level 1:colcon.colcon_core.environment:create_file_with_runtime_dependencies(/home/francesco/phd_ws/src/acquisition_block/install/acquisition_block/share/colcon-core/packages/acquisition_block)
[7.570s] DEBUG:colcon.colcon_parallel_executor.executor.parallel:closing loop
[7.570s] DEBUG:colcon.colcon_parallel_executor.executor.parallel:loop closed
[7.570s] DEBUG:colcon.colcon_parallel_executor.executor.parallel:run_until_complete finished with '0'
[7.571s] DEBUG:colcon.colcon_core.event_reactor:joining thread
[7.576s] INFO:colcon.colcon_core.plugin_system:Skipping extension 'colcon_notification.desktop_notification.terminal_notifier': Not used on non-Darwin systems
[7.576s] INFO:colcon.colcon_core.plugin_system:Skipping extension 'colcon_notification.desktop_notification.win32': Not used on non-Windows systems
[7.576s] INFO:colcon.colcon_notification.desktop_notification:Sending desktop notification using 'notify2'
[7.597s] DEBUG:colcon.colcon_core.event_reactor:joined thread
[7.597s] INFO:colcon.colcon_core.shell:Creating prefix script '/home/francesco/phd_ws/src/acquisition_block/install/local_setup.ps1'
[7.598s] INFO:colcon.colcon_core.shell:Creating prefix util module '/home/francesco/phd_ws/src/acquisition_block/install/_local_setup_util_ps1.py'
[7.599s] INFO:colcon.colcon_core.shell:Creating prefix chain script '/home/francesco/phd_ws/src/acquisition_block/install/setup.ps1'
[7.601s] INFO:colcon.colcon_core.shell:Creating prefix script '/home/francesco/phd_ws/src/acquisition_block/install/local_setup.sh'
[7.602s] INFO:colcon.colcon_core.shell:Creating prefix util module '/home/francesco/phd_ws/src/acquisition_block/install/_local_setup_util_sh.py'
[7.602s] INFO:colcon.colcon_core.shell:Creating prefix chain script '/home/francesco/phd_ws/src/acquisition_block/install/setup.sh'
[7.604s] INFO:colcon.colcon_core.shell:Creating prefix script '/home/francesco/phd_ws/src/acquisition_block/install/local_setup.bash'
[7.605s] INFO:colcon.colcon_core.shell:Creating prefix chain script '/home/francesco/phd_ws/src/acquisition_block/install/setup.bash'
[7.607s] INFO:colcon.colcon_core.shell:Creating prefix script '/home/francesco/phd_ws/src/acquisition_block/install/local_setup.zsh'
[7.607s] INFO:colcon.colcon_core.shell:Creating prefix chain script '/home/francesco/phd_ws/src/acquisition_block/install/setup.zsh'
