/home/francesco/phd_ws/src/install/reasoning_block/lib/python3.8/site-packages/reasoning_block/vae.py
/home/francesco/phd_ws/src/install/reasoning_block/lib/python3.8/site-packages/reasoning_block/dataset_generator.py
/home/francesco/phd_ws/src/install/reasoning_block/lib/python3.8/site-packages/reasoning_block/__init__.py
/home/francesco/phd_ws/src/install/reasoning_block/lib/python3.8/site-packages/reasoning_block/dataset_generator_for_two.py
/home/francesco/phd_ws/src/install/reasoning_block/lib/python3.8/site-packages/reasoning_block/data_instance.py
/home/francesco/phd_ws/src/install/reasoning_block/lib/python3.8/site-packages/reasoning_block/__pycache__/vae.cpython-38.pyc
/home/francesco/phd_ws/src/install/reasoning_block/lib/python3.8/site-packages/reasoning_block/__pycache__/dataset_generator.cpython-38.pyc
/home/francesco/phd_ws/src/install/reasoning_block/lib/python3.8/site-packages/reasoning_block/__pycache__/__init__.cpython-38.pyc
/home/francesco/phd_ws/src/install/reasoning_block/lib/python3.8/site-packages/reasoning_block/__pycache__/dataset_generator_for_two.cpython-38.pyc
/home/francesco/phd_ws/src/install/reasoning_block/lib/python3.8/site-packages/reasoning_block/__pycache__/data_instance.cpython-38.pyc
/home/francesco/phd_ws/src/install/reasoning_block/share/ament_index/resource_index/packages/reasoning_block
/home/francesco/phd_ws/src/install/reasoning_block/share/reasoning_block/package.xml
/home/francesco/phd_ws/src/install/reasoning_block/share/reasoning_block/produce_dataset_launch.py
/home/francesco/phd_ws/src/install/reasoning_block/share/reasoning_block/produce_dataset_two_launch.py
/home/francesco/phd_ws/src/install/reasoning_block/lib/python3.8/site-packages/reasoning_block-0.0.0-py3.8.egg-info/entry_points.txt
/home/francesco/phd_ws/src/install/reasoning_block/lib/python3.8/site-packages/reasoning_block-0.0.0-py3.8.egg-info/PKG-INFO
/home/francesco/phd_ws/src/install/reasoning_block/lib/python3.8/site-packages/reasoning_block-0.0.0-py3.8.egg-info/zip-safe
/home/francesco/phd_ws/src/install/reasoning_block/lib/python3.8/site-packages/reasoning_block-0.0.0-py3.8.egg-info/dependency_links.txt
/home/francesco/phd_ws/src/install/reasoning_block/lib/python3.8/site-packages/reasoning_block-0.0.0-py3.8.egg-info/SOURCES.txt
/home/francesco/phd_ws/src/install/reasoning_block/lib/python3.8/site-packages/reasoning_block-0.0.0-py3.8.egg-info/top_level.txt
/home/francesco/phd_ws/src/install/reasoning_block/lib/python3.8/site-packages/reasoning_block-0.0.0-py3.8.egg-info/requires.txt
/home/francesco/phd_ws/src/install/reasoning_block/lib/reasoning_block/dataset_generator
/home/francesco/phd_ws/src/install/reasoning_block/lib/reasoning_block/dataset_generator_for_two
