[0.014s] Invoking command in '/home/francesco/phd_ws/src/acquisition_block/build/acquisition_block': CMAKE_PREFIX_PATH=${CMAKE_PREFIX_PATH}:/home/francesco/phd_ws/install/reasoning_block:/home/francesco/dev_ws/install/py_pubsub:/home/francesco/dev_ws/install/example:/opt/ros/foxy /usr/bin/cmake /home/francesco/phd_ws/src/acquisition_block -DCMAKE_INSTALL_PREFIX=/home/francesco/phd_ws/src/acquisition_block/install/acquisition_block
[0.123s] -- The C compiler identification is GNU 9.3.0
[0.209s] -- The CXX compiler identification is GNU 9.3.0
[0.215s] -- Check for working C compiler: /usr/bin/cc
[0.272s] -- Check for working C compiler: /usr/bin/cc -- works
[0.273s] -- Detecting C compiler ABI info
[0.332s] -- Detecting C compiler ABI info - done
[0.342s] -- Detecting C compile features
[0.342s] -- Detecting C compile features - done
[0.345s] -- Check for working CXX compiler: /usr/bin/c++
[0.410s] -- Check for working CXX compiler: /usr/bin/c++ -- works
[0.410s] -- Detecting CXX compiler ABI info
[0.478s] -- Detecting CXX compiler ABI info - done
[0.489s] -- Detecting CXX compile features
[0.489s] -- Detecting CXX compile features - done
[0.494s] -- Found ament_cmake: 0.9.9 (/opt/ros/foxy/share/ament_cmake/cmake)
[0.519s] -- Found PythonInterp: /usr/bin/python3 (found suitable version "3.8.10", minimum required is "3") 
[0.519s] -- Using PYTHON_EXECUTABLE: /usr/bin/python3
[0.757s] -- Found rclcpp: 2.4.0 (/opt/ros/foxy/share/rclcpp/cmake)
[0.816s] -- Using all available rosidl_typesupport_c: rosidl_typesupport_fastrtps_c;rosidl_typesupport_introspection_c
[0.825s] -- Found rosidl_adapter: 1.2.1 (/opt/ros/foxy/share/rosidl_adapter/cmake)
[0.918s] -- Found OpenSSL: /usr/lib/x86_64-linux-gnu/libcrypto.so (found version "1.1.1f")  
[0.948s] -- Found FastRTPS: /opt/ros/foxy/include  
[1.032s] -- Using all available rosidl_typesupport_cpp: rosidl_typesupport_fastrtps_cpp;rosidl_typesupport_introspection_cpp
[1.091s] -- Found rmw_implementation_cmake: 1.0.3 (/opt/ros/foxy/share/rmw_implementation_cmake/cmake)
[1.093s] -- Using RMW implementation 'rmw_fastrtps_cpp' as default
[1.094s] -- Looking for pthread.h
[1.155s] -- Looking for pthread.h - found
[1.155s] -- Performing Test CMAKE_HAVE_LIBC_PTHREAD
[1.216s] -- Performing Test CMAKE_HAVE_LIBC_PTHREAD - Failed
[1.216s] -- Looking for pthread_create in pthreads
[1.265s] -- Looking for pthread_create in pthreads - not found
[1.265s] -- Looking for pthread_create in pthread
[1.328s] -- Looking for pthread_create in pthread - found
[1.330s] -- Found Threads: TRUE  
[1.482s] -- Found rosbag2_cpp: 0.3.8 (/opt/ros/foxy/share/rosbag2_cpp/cmake)
[1.525s] -- Setting yaml-cpp_DIR to: '/opt/ros/foxy/share/yaml_cpp_vendor/cmake/../../../opt/yaml_cpp_vendor/lib/cmake/yaml-cpp'
[1.532s] -- Found geometry_msgs: 2.0.4 (/opt/ros/foxy/share/geometry_msgs/cmake)
[1.567s] -- Found sensor_msgs: 2.0.4 (/opt/ros/foxy/share/sensor_msgs/cmake)
[1.638s] -- Found visualization_msgs: 2.0.4 (/opt/ros/foxy/share/visualization_msgs/cmake)
[1.710s] -- Found interface_msgs: 0.0.0 (/home/francesco/phd_ws/install/interface_msgs/share/interface_msgs/cmake)
[1.768s] -- Found ament_lint_auto: 0.9.6 (/opt/ros/foxy/share/ament_lint_auto/cmake)
[1.854s] -- Added test 'copyright' to check source files copyright and LICENSE
[1.859s] -- Added test 'cppcheck' to perform static code analysis on C / C++ code
[1.859s] -- Configured cppcheck include dirs: /home/francesco/phd_ws/src/acquisition_block/include
[1.859s] -- Configured cppcheck exclude dirs and/or files: 
[1.864s] -- Added test 'cpplint' to check C / C++ code against the Google style
[1.864s] -- Configured cpplint exclude dirs and/or files: 
[1.865s] -- Added test 'flake8' to check Python code syntax and style conventions
[1.866s] -- Added test 'lint_cmake' to check CMake code style
[1.868s] -- Added test 'pep257' to check Python code against some of the style conventions in PEP 257
[1.873s] -- Added test 'uncrustify' to check C / C++ code style
[1.873s] -- Configured uncrustify additional arguments: 
[1.874s] -- Added test 'xmllint' to check XML markup files
[1.877s] -- Configuring done
[1.880s] CMake Error at CMakeLists.txt:47 (add_executable):
[1.880s]   Cannot find source file:
[1.880s] 
[1.880s]     src/bag_example.cpp
[1.880s] 
[1.880s]   Tried extensions .c .C .c++ .cc .cpp .cxx .cu .m .M .mm .h .hh .h++ .hm
[1.880s]   .hpp .hxx .in .txx
[1.880s] 
[1.880s] 
[1.881s] CMake Error at CMakeLists.txt:47 (add_executable):
[1.881s]   No SOURCES given to target: bag_example
[1.881s] 
[1.881s] 
[1.881s] CMake Generate step failed.  Build files cannot be regenerated correctly.
[1.888s] Invoked command in '/home/francesco/phd_ws/src/acquisition_block/build/acquisition_block' returned '1': CMAKE_PREFIX_PATH=${CMAKE_PREFIX_PATH}:/home/francesco/phd_ws/install/reasoning_block:/home/francesco/dev_ws/install/py_pubsub:/home/francesco/dev_ws/install/example:/opt/ros/foxy /usr/bin/cmake /home/francesco/phd_ws/src/acquisition_block -DCMAKE_INSTALL_PREFIX=/home/francesco/phd_ws/src/acquisition_block/install/acquisition_block
