[0.024s] Invoking command in '/home/francesco/multi_user_backup_for_final/build/acquisition_block': CMAKE_PREFIX_PATH=${CMAKE_PREFIX_PATH}:/home/francesco/ws_moveit2/install/moveit_configs_utils:/home/francesco/ws_moveit2/install/launch_param_builder:/opt/ros/humble /usr/bin/cmake --build /home/francesco/multi_user_backup_for_final/build/acquisition_block -- -j12 -l12
[0.087s] [35m[1mConsolidate compiler generated dependencies of target dynamic_labeller[0m
[0.087s] [35m[1mConsolidate compiler generated dependencies of target bag_recorder[0m
[0.111s] [ 50%] Built target dynamic_labeller
[0.112s] [ 75%] [32mBuilding CXX object CMakeFiles/bag_recorder.dir/src/bag_recorder.cpp.o[0m
[2.455s] In file included from [01m[K/opt/ros/humble/include/rclcpp/rclcpp/subscription_base.hpp:32[m[K,
[2.455s]                  from [01m[K/opt/ros/humble/include/rclcpp/rclcpp/callback_group.hpp:29[m[K,
[2.455s]                  from [01m[K/opt/ros/humble/include/rclcpp/rclcpp/any_executable.hpp:20[m[K,
[2.455s]                  from [01m[K/opt/ros/humble/include/rclcpp/rclcpp/memory_strategy.hpp:25[m[K,
[2.455s]                  from [01m[K/opt/ros/humble/include/rclcpp/rclcpp/memory_strategies.hpp:18[m[K,
[2.455s]                  from [01m[K/opt/ros/humble/include/rclcpp/rclcpp/executor_options.hpp:20[m[K,
[2.455s]                  from [01m[K/opt/ros/humble/include/rclcpp/rclcpp/executor.hpp:37[m[K,
[2.455s]                  from [01m[K/opt/ros/humble/include/rclcpp/rclcpp/executors/multi_threaded_executor.hpp:25[m[K,
[2.455s]                  from [01m[K/opt/ros/humble/include/rclcpp/rclcpp/executors.hpp:21[m[K,
[2.455s]                  from [01m[K/opt/ros/humble/include/rclcpp/rclcpp/rclcpp.hpp:155[m[K,
[2.455s]                  from [01m[K/home/francesco/multi_user_backup_for_final/src/acquisition_block/src/bag_recorder.cpp:1[m[K:
[2.455s] /opt/ros/humble/include/rclcpp/rclcpp/any_subscription_callback.hpp: In instantiation of ‘[01m[Kclass rclcpp::AnySubscriptionCallback<rclcpp::SerializedMessage, std::allocator<void> >[m[K’:
[2.455s] [01m[K/opt/ros/humble/include/rclcpp/rclcpp/subscription.hpp:423:49:[m[K   required from ‘[01m[Kclass rclcpp::Subscription<rclcpp::SerializedMessage>[m[K’
[2.456s] [01m[K/home/francesco/multi_user_backup_for_final/src/acquisition_block/src/bag_recorder.cpp:112:50:[m[K   required from here
[2.456s] [01m[K/opt/ros/humble/include/rclcpp/rclcpp/any_subscription_callback.hpp:591:3:[m[K [01;31m[Kerror: [m[K‘[01m[Kvoid rclcpp::AnySubscriptionCallback<MessageT, AllocatorT>::dispatch(std::shared_ptr<rclcpp::SerializedMessage>, const rclcpp::MessageInfo&) [with MessageT = rclcpp::SerializedMessage; AllocatorT = std::allocator<void>][m[K’ cannot be overloaded with ‘[01m[Kvoid rclcpp::AnySubscriptionCallback<MessageT, AllocatorT>::dispatch(std::shared_ptr<typename rclcpp::TypeAdapter<MessageT>::ros_message_type>, const rclcpp::MessageInfo&) [with MessageT = rclcpp::SerializedMessage; AllocatorT = std::allocator<void>; typename rclcpp::TypeAdapter<MessageT>::ros_message_type = rclcpp::SerializedMessage][m[K’
[2.456s]   591 |   [01;31m[Kdispatch[m[K(
[2.456s]       |   [01;31m[K^~~~~~~~[m[K
[2.456s] [01m[K/opt/ros/humble/include/rclcpp/rclcpp/any_subscription_callback.hpp:491:3:[m[K [01;36m[Knote: [m[Kprevious declaration ‘[01m[Kvoid rclcpp::AnySubscriptionCallback<MessageT, AllocatorT>::dispatch(std::shared_ptr<typename rclcpp::TypeAdapter<MessageT>::ros_message_type>, const rclcpp::MessageInfo&) [with MessageT = rclcpp::SerializedMessage; AllocatorT = std::allocator<void>; typename rclcpp::TypeAdapter<MessageT>::ros_message_type = rclcpp::SerializedMessage][m[K’
[2.456s]   491 |   [01;36m[Kdispatch[m[K(
[2.456s]       |   [01;36m[K^~~~~~~~[m[K
[2.478s] [01m[K/home/francesco/multi_user_backup_for_final/src/acquisition_block/src/bag_recorder.cpp:[m[K In constructor ‘[01m[KSimpleBagRecorder::SimpleBagRecorder()[m[K’:
[2.478s] [01m[K/home/francesco/multi_user_backup_for_final/src/acquisition_block/src/bag_recorder.cpp:27:116:[m[K [01;35m[Kwarning: [m[Kmissing initializer for member ‘[01m[Krosbag2_compression::CompressionOptions::compression_queue_size[m[K’ [[01;35m[K]8;;https://gcc.gnu.org/onlinedocs/gcc/Warning-Options.html#index-Wmissing-field-initializers-Wmissing-field-initializers]8;;[m[K]
[2.478s]    27 |       rosbag2_compression::CompressionOptions compression_options{"zstd",rosbag2_compression::CompressionMode::FILE[01;35m[K}[m[K;
[2.478s]       |                                                                                                                    [01;35m[K^[m[K
[2.478s] [01m[K/home/francesco/multi_user_backup_for_final/src/acquisition_block/src/bag_recorder.cpp:27:116:[m[K [01;35m[Kwarning: [m[Kmissing initializer for member ‘[01m[Krosbag2_compression::CompressionOptions::compression_threads[m[K’ [[01;35m[K]8;;https://gcc.gnu.org/onlinedocs/gcc/Warning-Options.html#index-Wmissing-field-initializers-Wmissing-field-initializers]8;;[m[K]
[2.478s] [01m[K/home/francesco/multi_user_backup_for_final/src/acquisition_block/src/bag_recorder.cpp:28:26:[m[K [01;31m[Kerror: [m[K‘[01m[KStorageOptions[m[K’ in namespace ‘[01m[Krosbag2_cpp[m[K’ does not name a type
[2.478s]    28 |       const rosbag2_cpp::[01;31m[KStorageOptions[m[K storage_options({("src/acquisition_block/" + tag + "_" + info).c_str(), "sqlite3"});
[2.479s]       |                          [01;31m[K^~~~~~~~~~~~~~[m[K
[2.479s] [01m[K/home/francesco/multi_user_backup_for_final/src/acquisition_block/src/bag_recorder.cpp:28:123:[m[K [01;31m[Kerror: [m[Kexpected primary-expression before ‘[01m[K)[m[K’ token
[2.479s]    28 |       const rosbag2_cpp::StorageOptions storage_options({("src/acquisition_block/" + tag + "_" + info).c_str(), "sqlite3"}[01;31m[K)[m[K;
[2.479s]       |                                                                                                                           [01;31m[K^[m[K
[2.492s] [01m[K/home/francesco/multi_user_backup_for_final/src/acquisition_block/src/bag_recorder.cpp:38:21:[m[K [01;31m[Kerror: [m[K‘[01m[Kstorage_options[m[K’ was not declared in this scope
[2.492s]    38 |       writer_->open([01;31m[Kstorage_options[m[K, converter_options);
[2.492s]       |                     [01;31m[K^~~~~~~~~~~~~~~[m[K
[2.536s] [01m[K/home/francesco/multi_user_backup_for_final/src/acquisition_block/src/bag_recorder.cpp:50:86:[m[K [01;31m[Kerror: [m[Kno match for ‘[01m[Koperator=[m[K’ (operand types are ‘[01m[Krclcpp::Subscription<rclcpp::SerializedMessage>::SharedPtr[m[K’ {aka ‘[01m[Kstd::shared_ptr<rclcpp::Subscription<rclcpp::SerializedMessage> >[m[K’} and ‘[01m[Kstd::shared_ptr<rclcpp::Subscription<sensor_msgs::msg::Image_<std::allocator<void> >, std::allocator<void>, sensor_msgs::msg::Image_<std::allocator<void> >, sensor_msgs::msg::Image_<std::allocator<void> >, rclcpp::message_memory_strategy::MessageMemoryStrategy<sensor_msgs::msg::Image_<std::allocator<void> >, std::allocator<void> > > >[m[K’)
[2.536s]    50 |           "/"+topic_name, 10, std::bind(&SimpleBagRecorder::topic_callback, this, _1)[01;31m[K)[m[K;
[2.536s]       |                                                                                      [01;31m[K^[m[K
[2.536s] In file included from [01m[K/usr/include/c++/11/memory:77[m[K,
[2.536s]                  from [01m[K/opt/ros/humble/include/rclcpp/rclcpp/rclcpp.hpp:153[m[K,
[2.536s]                  from [01m[K/home/francesco/multi_user_backup_for_final/src/acquisition_block/src/bag_recorder.cpp:1[m[K:
[2.536s] [01m[K/usr/include/c++/11/bits/shared_ptr.h:363:9:[m[K [01;36m[Knote: [m[Kcandidate: ‘[01m[Ktemplate<class _Yp> std::shared_ptr<_Tp>::_Assignable<const std::shared_ptr<_Yp>&> std::shared_ptr<_Tp>::operator=(const std::shared_ptr<_Yp>&) [with _Yp = _Yp; _Tp = rclcpp::Subscription<rclcpp::SerializedMessage>][m[K’
[2.536s]   363 |         [01;36m[Koperator[m[K=(const shared_ptr<_Yp>& __r) noexcept
[2.536s]       |         [01;36m[K^~~~~~~~[m[K
[2.537s] [01m[K/usr/include/c++/11/bits/shared_ptr.h:363:9:[m[K [01;36m[Knote: [m[K  template argument deduction/substitution failed:
[2.537s] /usr/include/c++/11/bits/shared_ptr.h: In substitution of ‘[01m[Ktemplate<class _Tp> template<class _Arg> using _Assignable = typename std::enable_if<std::is_assignable<std::__shared_ptr<_Tp>&, _Arg>::value, std::shared_ptr<_Tp>&>::type [with _Arg = const std::shared_ptr<rclcpp::Subscription<sensor_msgs::msg::Image_<std::allocator<void> >, std::allocator<void>, sensor_msgs::msg::Image_<std::allocator<void> >, sensor_msgs::msg::Image_<std::allocator<void> >, rclcpp::message_memory_strategy::MessageMemoryStrategy<sensor_msgs::msg::Image_<std::allocator<void> >, std::allocator<void> > > >&; _Tp = rclcpp::Subscription<rclcpp::SerializedMessage>][m[K’:
[2.537s] [01m[K/usr/include/c++/11/bits/shared_ptr.h:363:2:[m[K   required by substitution of ‘[01m[Ktemplate<class _Yp> std::shared_ptr<rclcpp::Subscription<rclcpp::SerializedMessage> >::_Assignable<const std::shared_ptr<_Tp>&> std::shared_ptr<rclcpp::Subscription<rclcpp::SerializedMessage> >::operator=<_Yp>(const std::shared_ptr<_Tp>&) [with _Yp = rclcpp::Subscription<sensor_msgs::msg::Image_<std::allocator<void> >, std::allocator<void>, sensor_msgs::msg::Image_<std::allocator<void> >, sensor_msgs::msg::Image_<std::allocator<void> >, rclcpp::message_memory_strategy::MessageMemoryStrategy<sensor_msgs::msg::Image_<std::allocator<void> >, std::allocator<void> > >][m[K’
[2.537s] [01m[K/home/francesco/multi_user_backup_for_final/src/acquisition_block/src/bag_recorder.cpp:50:86:[m[K   required from here
[2.537s] [01m[K/usr/include/c++/11/bits/shared_ptr.h:130:15:[m[K [01;31m[Kerror: [m[Kno type named ‘[01m[Ktype[m[K’ in ‘[01m[Kstruct std::enable_if<false, std::shared_ptr<rclcpp::Subscription<rclcpp::SerializedMessage> >&>[m[K’
[2.537s]   130 |         using [01;31m[K_Assignable[m[K = typename enable_if<
[2.537s]       |               [01;31m[K^~~~~~~~~~~[m[K
[2.537s] [01m[K/usr/include/c++/11/bits/shared_ptr.h:374:9:[m[K [01;36m[Knote: [m[Kcandidate: ‘[01m[Ktemplate<class _Yp> std::shared_ptr<_Tp>::_Assignable<std::auto_ptr<_Up> > std::shared_ptr<_Tp>::operator=(std::auto_ptr<_Up>&&) [with _Yp = _Yp; _Tp = rclcpp::Subscription<rclcpp::SerializedMessage>][m[K’
[2.537s]   374 |         [01;36m[Koperator[m[K=(auto_ptr<_Yp>&& __r)
[2.537s]       |         [01;36m[K^~~~~~~~[m[K
[2.537s] [01m[K/usr/include/c++/11/bits/shared_ptr.h:374:9:[m[K [01;36m[Knote: [m[K  template argument deduction/substitution failed:
[2.537s] [01m[K/home/francesco/multi_user_backup_for_final/src/acquisition_block/src/bag_recorder.cpp:50:86:[m[K [01;36m[Knote: [m[K  ‘[01m[Kstd::shared_ptr<rclcpp::Subscription<sensor_msgs::msg::Image_<std::allocator<void> >, std::allocator<void>, sensor_msgs::msg::Image_<std::allocator<void> >, sensor_msgs::msg::Image_<std::allocator<void> >, rclcpp::message_memory_strategy::MessageMemoryStrategy<sensor_msgs::msg::Image_<std::allocator<void> >, std::allocator<void> > > >[m[K’ is not derived from ‘[01m[Kstd::auto_ptr<_Up>[m[K’
[2.537s]    50 |           "/"+topic_name, 10, std::bind(&SimpleBagRecorder::topic_callback, this, _1)[01;36m[K)[m[K;
[2.538s]       |                                                                                      [01;36m[K^[m[K
[2.538s] In file included from [01m[K/usr/include/c++/11/memory:77[m[K,
[2.538s]                  from [01m[K/opt/ros/humble/include/rclcpp/rclcpp/rclcpp.hpp:153[m[K,
[2.538s]                  from [01m[K/home/francesco/multi_user_backup_for_final/src/acquisition_block/src/bag_recorder.cpp:1[m[K:
[2.538s] [01m[K/usr/include/c++/11/bits/shared_ptr.h:391:9:[m[K [01;36m[Knote: [m[Kcandidate: ‘[01m[Ktemplate<class _Yp> std::shared_ptr<_Tp>::_Assignable<std::shared_ptr<_Yp> > std::shared_ptr<_Tp>::operator=(std::shared_ptr<_Yp>&&) [with _Yp = _Yp; _Tp = rclcpp::Subscription<rclcpp::SerializedMessage>][m[K’
[2.538s]   391 |         [01;36m[Koperator[m[K=(shared_ptr<_Yp>&& __r) noexcept
[2.538s]       |         [01;36m[K^~~~~~~~[m[K
[2.538s] [01m[K/usr/include/c++/11/bits/shared_ptr.h:391:9:[m[K [01;36m[Knote: [m[K  template argument deduction/substitution failed:
[2.538s] /usr/include/c++/11/bits/shared_ptr.h: In substitution of ‘[01m[Ktemplate<class _Tp> template<class _Arg> using _Assignable = typename std::enable_if<std::is_assignable<std::__shared_ptr<_Tp>&, _Arg>::value, std::shared_ptr<_Tp>&>::type [with _Arg = std::shared_ptr<rclcpp::Subscription<sensor_msgs::msg::Image_<std::allocator<void> >, std::allocator<void>, sensor_msgs::msg::Image_<std::allocator<void> >, sensor_msgs::msg::Image_<std::allocator<void> >, rclcpp::message_memory_strategy::MessageMemoryStrategy<sensor_msgs::msg::Image_<std::allocator<void> >, std::allocator<void> > > >; _Tp = rclcpp::Subscription<rclcpp::SerializedMessage>][m[K’:
[2.538s] [01m[K/usr/include/c++/11/bits/shared_ptr.h:391:2:[m[K   required by substitution of ‘[01m[Ktemplate<class _Yp> std::shared_ptr<rclcpp::Subscription<rclcpp::SerializedMessage> >::_Assignable<std::shared_ptr<_Tp> > std::shared_ptr<rclcpp::Subscription<rclcpp::SerializedMessage> >::operator=<_Yp>(std::shared_ptr<_Tp>&&) [with _Yp = rclcpp::Subscription<sensor_msgs::msg::Image_<std::allocator<void> >, std::allocator<void>, sensor_msgs::msg::Image_<std::allocator<void> >, sensor_msgs::msg::Image_<std::allocator<void> >, rclcpp::message_memory_strategy::MessageMemoryStrategy<sensor_msgs::msg::Image_<std::allocator<void> >, std::allocator<void> > >][m[K’
[2.538s] [01m[K/home/francesco/multi_user_backup_for_final/src/acquisition_block/src/bag_recorder.cpp:50:86:[m[K   required from here
[2.538s] [01m[K/usr/include/c++/11/bits/shared_ptr.h:130:15:[m[K [01;31m[Kerror: [m[Kno type named ‘[01m[Ktype[m[K’ in ‘[01m[Kstruct std::enable_if<false, std::shared_ptr<rclcpp::Subscription<rclcpp::SerializedMessage> >&>[m[K’
[2.538s]   130 |         using [01;31m[K_Assignable[m[K = typename enable_if<
[2.539s]       |               [01;31m[K^~~~~~~~~~~[m[K
[2.539s] [01m[K/usr/include/c++/11/bits/shared_ptr.h:399:9:[m[K [01;36m[Knote: [m[Kcandidate: ‘[01m[Ktemplate<class _Yp, class _Del> std::shared_ptr<_Tp>::_Assignable<std::unique_ptr<_Up, _Ep> > std::shared_ptr<_Tp>::operator=(std::unique_ptr<_Up, _Ep>&&) [with _Yp = _Yp; _Del = _Del; _Tp = rclcpp::Subscription<rclcpp::SerializedMessage>][m[K’
[2.539s]   399 |         [01;36m[Koperator[m[K=(unique_ptr<_Yp, _Del>&& __r)
[2.539s]       |         [01;36m[K^~~~~~~~[m[K
[2.539s] [01m[K/usr/include/c++/11/bits/shared_ptr.h:399:9:[m[K [01;36m[Knote: [m[K  template argument deduction/substitution failed:
[2.539s] [01m[K/home/francesco/multi_user_backup_for_final/src/acquisition_block/src/bag_recorder.cpp:50:86:[m[K [01;36m[Knote: [m[K  ‘[01m[Kstd::shared_ptr<rclcpp::Subscription<sensor_msgs::msg::Image_<std::allocator<void> >, std::allocator<void>, sensor_msgs::msg::Image_<std::allocator<void> >, sensor_msgs::msg::Image_<std::allocator<void> >, rclcpp::message_memory_strategy::MessageMemoryStrategy<sensor_msgs::msg::Image_<std::allocator<void> >, std::allocator<void> > > >[m[K’ is not derived from ‘[01m[Kstd::unique_ptr<_Tp, _Dp>[m[K’
[2.539s]    50 |           "/"+topic_name, 10, std::bind(&SimpleBagRecorder::topic_callback, this, _1)[01;36m[K)[m[K;
[2.539s]       |                                                                                      [01;36m[K^[m[K
[2.539s] In file included from [01m[K/usr/include/c++/11/memory:77[m[K,
[2.539s]                  from [01m[K/opt/ros/humble/include/rclcpp/rclcpp/rclcpp.hpp:153[m[K,
[2.539s]                  from [01m[K/home/francesco/multi_user_backup_for_final/src/acquisition_block/src/bag_recorder.cpp:1[m[K:
[2.539s] [01m[K/usr/include/c++/11/bits/shared_ptr.h:359:19:[m[K [01;36m[Knote: [m[Kcandidate: ‘[01m[Kstd::shared_ptr<_Tp>& std::shared_ptr<_Tp>::operator=(const std::shared_ptr<_Tp>&) [with _Tp = rclcpp::Subscription<rclcpp::SerializedMessage>][m[K’
[2.539s]   359 |       shared_ptr& [01;36m[Koperator[m[K=(const shared_ptr&) noexcept = default;
[2.539s]       |                   [01;36m[K^~~~~~~~[m[K
[2.539s] [01m[K/usr/include/c++/11/bits/shared_ptr.h:359:29:[m[K [01;36m[Knote: [m[K  no known conversion for argument 1 from ‘[01m[Kstd::shared_ptr<rclcpp::Subscription<sensor_msgs::msg::Image_<std::allocator<void> >, std::allocator<void>, sensor_msgs::msg::Image_<std::allocator<void> >, sensor_msgs::msg::Image_<std::allocator<void> >, rclcpp::message_memory_strategy::MessageMemoryStrategy<sensor_msgs::msg::Image_<std::allocator<void> >, std::allocator<void> > > >[m[K’ to ‘[01m[Kconst std::shared_ptr<rclcpp::Subscription<rclcpp::SerializedMessage> >&[m[K’
[2.540s]   359 |       shared_ptr& operator=([01;36m[Kconst shared_ptr&[m[K) noexcept = default;
[2.540s]       |                             [01;36m[K^~~~~~~~~~~~~~~~~[m[K
[2.540s] [01m[K/usr/include/c++/11/bits/shared_ptr.h:383:7:[m[K [01;36m[Knote: [m[Kcandidate: ‘[01m[Kstd::shared_ptr<_Tp>& std::shared_ptr<_Tp>::operator=(std::shared_ptr<_Tp>&&) [with _Tp = rclcpp::Subscription<rclcpp::SerializedMessage>][m[K’
[2.540s]   383 |       [01;36m[Koperator[m[K=(shared_ptr&& __r) noexcept
[2.540s]       |       [01;36m[K^~~~~~~~[m[K
[2.540s] [01m[K/usr/include/c++/11/bits/shared_ptr.h:383:30:[m[K [01;36m[Knote: [m[K  no known conversion for argument 1 from ‘[01m[Kstd::shared_ptr<rclcpp::Subscription<sensor_msgs::msg::Image_<std::allocator<void> >, std::allocator<void>, sensor_msgs::msg::Image_<std::allocator<void> >, sensor_msgs::msg::Image_<std::allocator<void> >, rclcpp::message_memory_strategy::MessageMemoryStrategy<sensor_msgs::msg::Image_<std::allocator<void> >, std::allocator<void> > > >[m[K’ to ‘[01m[Kstd::shared_ptr<rclcpp::Subscription<rclcpp::SerializedMessage> >&&[m[K’
[2.540s]   383 |       operator=([01;36m[Kshared_ptr&& __r[m[K) noexcept
[2.540s]       |                 [01;36m[K~~~~~~~~~~~~~^~~[m[K
[2.574s] [01m[K/home/francesco/multi_user_backup_for_final/src/acquisition_block/src/bag_recorder.cpp:61:86:[m[K [01;31m[Kerror: [m[Kno match for ‘[01m[Koperator=[m[K’ (operand types are ‘[01m[Krclcpp::Subscription<rclcpp::SerializedMessage>::SharedPtr[m[K’ {aka ‘[01m[Kstd::shared_ptr<rclcpp::Subscription<rclcpp::SerializedMessage> >[m[K’} and ‘[01m[Kstd::shared_ptr<rclcpp::Subscription<visualization_msgs::msg::MarkerArray_<std::allocator<void> >, std::allocator<void>, visualization_msgs::msg::MarkerArray_<std::allocator<void> >, visualization_msgs::msg::MarkerArray_<std::allocator<void> >, rclcpp::message_memory_strategy::MessageMemoryStrategy<visualization_msgs::msg::MarkerArray_<std::allocator<void> >, std::allocator<void> > > >[m[K’)
[2.574s]    61 |           "/"+topic_name, 10, std::bind(&SimpleBagRecorder::topic_callback, this, _1)[01;31m[K)[m[K;
[2.575s]       |                                                                                      [01;31m[K^[m[K
[2.575s] In file included from [01m[K/usr/include/c++/11/memory:77[m[K,
[2.575s]                  from [01m[K/opt/ros/humble/include/rclcpp/rclcpp/rclcpp.hpp:153[m[K,
[2.575s]                  from [01m[K/home/francesco/multi_user_backup_for_final/src/acquisition_block/src/bag_recorder.cpp:1[m[K:
[2.575s] [01m[K/usr/include/c++/11/bits/shared_ptr.h:363:9:[m[K [01;36m[Knote: [m[Kcandidate: ‘[01m[Ktemplate<class _Yp> std::shared_ptr<_Tp>::_Assignable<const std::shared_ptr<_Yp>&> std::shared_ptr<_Tp>::operator=(const std::shared_ptr<_Yp>&) [with _Yp = _Yp; _Tp = rclcpp::Subscription<rclcpp::SerializedMessage>][m[K’
[2.575s]   363 |         [01;36m[Koperator[m[K=(const shared_ptr<_Yp>& __r) noexcept
[2.575s]       |         [01;36m[K^~~~~~~~[m[K
[2.575s] [01m[K/usr/include/c++/11/bits/shared_ptr.h:363:9:[m[K [01;36m[Knote: [m[K  template argument deduction/substitution failed:
[2.575s] /usr/include/c++/11/bits/shared_ptr.h: In substitution of ‘[01m[Ktemplate<class _Tp> template<class _Arg> using _Assignable = typename std::enable_if<std::is_assignable<std::__shared_ptr<_Tp>&, _Arg>::value, std::shared_ptr<_Tp>&>::type [with _Arg = const std::shared_ptr<rclcpp::Subscription<visualization_msgs::msg::MarkerArray_<std::allocator<void> >, std::allocator<void>, visualization_msgs::msg::MarkerArray_<std::allocator<void> >, visualization_msgs::msg::MarkerArray_<std::allocator<void> >, rclcpp::message_memory_strategy::MessageMemoryStrategy<visualization_msgs::msg::MarkerArray_<std::allocator<void> >, std::allocator<void> > > >&; _Tp = rclcpp::Subscription<rclcpp::SerializedMessage>][m[K’:
[2.575s] [01m[K/usr/include/c++/11/bits/shared_ptr.h:363:2:[m[K   required by substitution of ‘[01m[Ktemplate<class _Yp> std::shared_ptr<rclcpp::Subscription<rclcpp::SerializedMessage> >::_Assignable<const std::shared_ptr<_Tp>&> std::shared_ptr<rclcpp::Subscription<rclcpp::SerializedMessage> >::operator=<_Yp>(const std::shared_ptr<_Tp>&) [with _Yp = rclcpp::Subscription<visualization_msgs::msg::MarkerArray_<std::allocator<void> >, std::allocator<void>, visualization_msgs::msg::MarkerArray_<std::allocator<void> >, visualization_msgs::msg::MarkerArray_<std::allocator<void> >, rclcpp::message_memory_strategy::MessageMemoryStrategy<visualization_msgs::msg::MarkerArray_<std::allocator<void> >, std::allocator<void> > >][m[K’
[2.575s] [01m[K/home/francesco/multi_user_backup_for_final/src/acquisition_block/src/bag_recorder.cpp:61:86:[m[K   required from here
[2.575s] [01m[K/usr/include/c++/11/bits/shared_ptr.h:130:15:[m[K [01;31m[Kerror: [m[Kno type named ‘[01m[Ktype[m[K’ in ‘[01m[Kstruct std::enable_if<false, std::shared_ptr<rclcpp::Subscription<rclcpp::SerializedMessage> >&>[m[K’
[2.575s]   130 |         using [01;31m[K_Assignable[m[K = typename enable_if<
[2.575s]       |               [01;31m[K^~~~~~~~~~~[m[K
[2.575s] [01m[K/usr/include/c++/11/bits/shared_ptr.h:374:9:[m[K [01;36m[Knote: [m[Kcandidate: ‘[01m[Ktemplate<class _Yp> std::shared_ptr<_Tp>::_Assignable<std::auto_ptr<_Up> > std::shared_ptr<_Tp>::operator=(std::auto_ptr<_Up>&&) [with _Yp = _Yp; _Tp = rclcpp::Subscription<rclcpp::SerializedMessage>][m[K’
[2.575s]   374 |         [01;36m[Koperator[m[K=(auto_ptr<_Yp>&& __r)
[2.575s]       |         [01;36m[K^~~~~~~~[m[K
[2.576s] [01m[K/usr/include/c++/11/bits/shared_ptr.h:374:9:[m[K [01;36m[Knote: [m[K  template argument deduction/substitution failed:
[2.576s] [01m[K/home/francesco/multi_user_backup_for_final/src/acquisition_block/src/bag_recorder.cpp:61:86:[m[K [01;36m[Knote: [m[K  ‘[01m[Kstd::shared_ptr<rclcpp::Subscription<visualization_msgs::msg::MarkerArray_<std::allocator<void> >, std::allocator<void>, visualization_msgs::msg::MarkerArray_<std::allocator<void> >, visualization_msgs::msg::MarkerArray_<std::allocator<void> >, rclcpp::message_memory_strategy::MessageMemoryStrategy<visualization_msgs::msg::MarkerArray_<std::allocator<void> >, std::allocator<void> > > >[m[K’ is not derived from ‘[01m[Kstd::auto_ptr<_Up>[m[K’
[2.576s]    61 |           "/"+topic_name, 10, std::bind(&SimpleBagRecorder::topic_callback, this, _1)[01;36m[K)[m[K;
[2.576s]       |                                                                                      [01;36m[K^[m[K
[2.576s] In file included from [01m[K/usr/include/c++/11/memory:77[m[K,
[2.576s]                  from [01m[K/opt/ros/humble/include/rclcpp/rclcpp/rclcpp.hpp:153[m[K,
[2.576s]                  from [01m[K/home/francesco/multi_user_backup_for_final/src/acquisition_block/src/bag_recorder.cpp:1[m[K:
[2.576s] [01m[K/usr/include/c++/11/bits/shared_ptr.h:391:9:[m[K [01;36m[Knote: [m[Kcandidate: ‘[01m[Ktemplate<class _Yp> std::shared_ptr<_Tp>::_Assignable<std::shared_ptr<_Yp> > std::shared_ptr<_Tp>::operator=(std::shared_ptr<_Yp>&&) [with _Yp = _Yp; _Tp = rclcpp::Subscription<rclcpp::SerializedMessage>][m[K’
[2.576s]   391 |         [01;36m[Koperator[m[K=(shared_ptr<_Yp>&& __r) noexcept
[2.576s]       |         [01;36m[K^~~~~~~~[m[K
[2.576s] [01m[K/usr/include/c++/11/bits/shared_ptr.h:391:9:[m[K [01;36m[Knote: [m[K  template argument deduction/substitution failed:
[2.576s] /usr/include/c++/11/bits/shared_ptr.h: In substitution of ‘[01m[Ktemplate<class _Tp> template<class _Arg> using _Assignable = typename std::enable_if<std::is_assignable<std::__shared_ptr<_Tp>&, _Arg>::value, std::shared_ptr<_Tp>&>::type [with _Arg = std::shared_ptr<rclcpp::Subscription<visualization_msgs::msg::MarkerArray_<std::allocator<void> >, std::allocator<void>, visualization_msgs::msg::MarkerArray_<std::allocator<void> >, visualization_msgs::msg::MarkerArray_<std::allocator<void> >, rclcpp::message_memory_strategy::MessageMemoryStrategy<visualization_msgs::msg::MarkerArray_<std::allocator<void> >, std::allocator<void> > > >; _Tp = rclcpp::Subscription<rclcpp::SerializedMessage>][m[K’:
[2.576s] [01m[K/usr/include/c++/11/bits/shared_ptr.h:391:2:[m[K   required by substitution of ‘[01m[Ktemplate<class _Yp> std::shared_ptr<rclcpp::Subscription<rclcpp::SerializedMessage> >::_Assignable<std::shared_ptr<_Tp> > std::shared_ptr<rclcpp::Subscription<rclcpp::SerializedMessage> >::operator=<_Yp>(std::shared_ptr<_Tp>&&) [with _Yp = rclcpp::Subscription<visualization_msgs::msg::MarkerArray_<std::allocator<void> >, std::allocator<void>, visualization_msgs::msg::MarkerArray_<std::allocator<void> >, visualization_msgs::msg::MarkerArray_<std::allocator<void> >, rclcpp::message_memory_strategy::MessageMemoryStrategy<visualization_msgs::msg::MarkerArray_<std::allocator<void> >, std::allocator<void> > >][m[K’
[2.576s] [01m[K/home/francesco/multi_user_backup_for_final/src/acquisition_block/src/bag_recorder.cpp:61:86:[m[K   required from here
[2.576s] [01m[K/usr/include/c++/11/bits/shared_ptr.h:130:15:[m[K [01;31m[Kerror: [m[Kno type named ‘[01m[Ktype[m[K’ in ‘[01m[Kstruct std::enable_if<false, std::shared_ptr<rclcpp::Subscription<rclcpp::SerializedMessage> >&>[m[K’
[2.576s]   130 |         using [01;31m[K_Assignable[m[K = typename enable_if<
[2.576s]       |               [01;31m[K^~~~~~~~~~~[m[K
[2.576s] [01m[K/usr/include/c++/11/bits/shared_ptr.h:399:9:[m[K [01;36m[Knote: [m[Kcandidate: ‘[01m[Ktemplate<class _Yp, class _Del> std::shared_ptr<_Tp>::_Assignable<std::unique_ptr<_Up, _Ep> > std::shared_ptr<_Tp>::operator=(std::unique_ptr<_Up, _Ep>&&) [with _Yp = _Yp; _Del = _Del; _Tp = rclcpp::Subscription<rclcpp::SerializedMessage>][m[K’
[2.576s]   399 |         [01;36m[Koperator[m[K=(unique_ptr<_Yp, _Del>&& __r)
[2.577s]       |         [01;36m[K^~~~~~~~[m[K
[2.577s] [01m[K/usr/include/c++/11/bits/shared_ptr.h:399:9:[m[K [01;36m[Knote: [m[K  template argument deduction/substitution failed:
[2.577s] [01m[K/home/francesco/multi_user_backup_for_final/src/acquisition_block/src/bag_recorder.cpp:61:86:[m[K [01;36m[Knote: [m[K  ‘[01m[Kstd::shared_ptr<rclcpp::Subscription<visualization_msgs::msg::MarkerArray_<std::allocator<void> >, std::allocator<void>, visualization_msgs::msg::MarkerArray_<std::allocator<void> >, visualization_msgs::msg::MarkerArray_<std::allocator<void> >, rclcpp::message_memory_strategy::MessageMemoryStrategy<visualization_msgs::msg::MarkerArray_<std::allocator<void> >, std::allocator<void> > > >[m[K’ is not derived from ‘[01m[Kstd::unique_ptr<_Tp, _Dp>[m[K’
[2.577s]    61 |           "/"+topic_name, 10, std::bind(&SimpleBagRecorder::topic_callback, this, _1)[01;36m[K)[m[K;
[2.577s]       |                                                                                      [01;36m[K^[m[K
[2.577s] In file included from [01m[K/usr/include/c++/11/memory:77[m[K,
[2.577s]                  from [01m[K/opt/ros/humble/include/rclcpp/rclcpp/rclcpp.hpp:153[m[K,
[2.577s]                  from [01m[K/home/francesco/multi_user_backup_for_final/src/acquisition_block/src/bag_recorder.cpp:1[m[K:
[2.577s] [01m[K/usr/include/c++/11/bits/shared_ptr.h:359:19:[m[K [01;36m[Knote: [m[Kcandidate: ‘[01m[Kstd::shared_ptr<_Tp>& std::shared_ptr<_Tp>::operator=(const std::shared_ptr<_Tp>&) [with _Tp = rclcpp::Subscription<rclcpp::SerializedMessage>][m[K’
[2.577s]   359 |       shared_ptr& [01;36m[Koperator[m[K=(const shared_ptr&) noexcept = default;
[2.577s]       |                   [01;36m[K^~~~~~~~[m[K
[2.577s] [01m[K/usr/include/c++/11/bits/shared_ptr.h:359:29:[m[K [01;36m[Knote: [m[K  no known conversion for argument 1 from ‘[01m[Kstd::shared_ptr<rclcpp::Subscription<visualization_msgs::msg::MarkerArray_<std::allocator<void> >, std::allocator<void>, visualization_msgs::msg::MarkerArray_<std::allocator<void> >, visualization_msgs::msg::MarkerArray_<std::allocator<void> >, rclcpp::message_memory_strategy::MessageMemoryStrategy<visualization_msgs::msg::MarkerArray_<std::allocator<void> >, std::allocator<void> > > >[m[K’ to ‘[01m[Kconst std::shared_ptr<rclcpp::Subscription<rclcpp::SerializedMessage> >&[m[K’
[2.577s]   359 |       shared_ptr& operator=([01;36m[Kconst shared_ptr&[m[K) noexcept = default;
[2.577s]       |                             [01;36m[K^~~~~~~~~~~~~~~~~[m[K
[2.577s] [01m[K/usr/include/c++/11/bits/shared_ptr.h:383:7:[m[K [01;36m[Knote: [m[Kcandidate: ‘[01m[Kstd::shared_ptr<_Tp>& std::shared_ptr<_Tp>::operator=(std::shared_ptr<_Tp>&&) [with _Tp = rclcpp::Subscription<rclcpp::SerializedMessage>][m[K’
[2.577s]   383 |       [01;36m[Koperator[m[K=(shared_ptr&& __r) noexcept
[2.577s]       |       [01;36m[K^~~~~~~~[m[K
[2.577s] [01m[K/usr/include/c++/11/bits/shared_ptr.h:383:30:[m[K [01;36m[Knote: [m[K  no known conversion for argument 1 from ‘[01m[Kstd::shared_ptr<rclcpp::Subscription<visualization_msgs::msg::MarkerArray_<std::allocator<void> >, std::allocator<void>, visualization_msgs::msg::MarkerArray_<std::allocator<void> >, visualization_msgs::msg::MarkerArray_<std::allocator<void> >, rclcpp::message_memory_strategy::MessageMemoryStrategy<visualization_msgs::msg::MarkerArray_<std::allocator<void> >, std::allocator<void> > > >[m[K’ to ‘[01m[Kstd::shared_ptr<rclcpp::Subscription<rclcpp::SerializedMessage> >&&[m[K’
[2.577s]   383 |       operator=([01;36m[Kshared_ptr&& __r[m[K) noexcept
[2.577s]       |                 [01;36m[K~~~~~~~~~~~~~^~~[m[K
[2.613s] [01m[K/home/francesco/multi_user_backup_for_final/src/acquisition_block/src/bag_recorder.cpp:72:86:[m[K [01;31m[Kerror: [m[Kno match for ‘[01m[Koperator=[m[K’ (operand types are ‘[01m[Krclcpp::Subscription<rclcpp::SerializedMessage>::SharedPtr[m[K’ {aka ‘[01m[Kstd::shared_ptr<rclcpp::Subscription<rclcpp::SerializedMessage> >[m[K’} and ‘[01m[Kstd::shared_ptr<rclcpp::Subscription<std_msgs::msg::Int64_<std::allocator<void> >, std::allocator<void>, std_msgs::msg::Int64_<std::allocator<void> >, std_msgs::msg::Int64_<std::allocator<void> >, rclcpp::message_memory_strategy::MessageMemoryStrategy<std_msgs::msg::Int64_<std::allocator<void> >, std::allocator<void> > > >[m[K’)
[2.613s]    72 |           "/"+topic_name, 10, std::bind(&SimpleBagRecorder::topic_callback, this, _1)[01;31m[K)[m[K;
[2.613s]       |                                                                                      [01;31m[K^[m[K
[2.613s] In file included from [01m[K/usr/include/c++/11/memory:77[m[K,
[2.613s]                  from [01m[K/opt/ros/humble/include/rclcpp/rclcpp/rclcpp.hpp:153[m[K,
[2.613s]                  from [01m[K/home/francesco/multi_user_backup_for_final/src/acquisition_block/src/bag_recorder.cpp:1[m[K:
[2.613s] [01m[K/usr/include/c++/11/bits/shared_ptr.h:363:9:[m[K [01;36m[Knote: [m[Kcandidate: ‘[01m[Ktemplate<class _Yp> std::shared_ptr<_Tp>::_Assignable<const std::shared_ptr<_Yp>&> std::shared_ptr<_Tp>::operator=(const std::shared_ptr<_Yp>&) [with _Yp = _Yp; _Tp = rclcpp::Subscription<rclcpp::SerializedMessage>][m[K’
[2.613s]   363 |         [01;36m[Koperator[m[K=(const shared_ptr<_Yp>& __r) noexcept
[2.613s]       |         [01;36m[K^~~~~~~~[m[K
[2.613s] [01m[K/usr/include/c++/11/bits/shared_ptr.h:363:9:[m[K [01;36m[Knote: [m[K  template argument deduction/substitution failed:
[2.614s] /usr/include/c++/11/bits/shared_ptr.h: In substitution of ‘[01m[Ktemplate<class _Tp> template<class _Arg> using _Assignable = typename std::enable_if<std::is_assignable<std::__shared_ptr<_Tp>&, _Arg>::value, std::shared_ptr<_Tp>&>::type [with _Arg = const std::shared_ptr<rclcpp::Subscription<std_msgs::msg::Int64_<std::allocator<void> >, std::allocator<void>, std_msgs::msg::Int64_<std::allocator<void> >, std_msgs::msg::Int64_<std::allocator<void> >, rclcpp::message_memory_strategy::MessageMemoryStrategy<std_msgs::msg::Int64_<std::allocator<void> >, std::allocator<void> > > >&; _Tp = rclcpp::Subscription<rclcpp::SerializedMessage>][m[K’:
[2.614s] [01m[K/usr/include/c++/11/bits/shared_ptr.h:363:2:[m[K   required by substitution of ‘[01m[Ktemplate<class _Yp> std::shared_ptr<rclcpp::Subscription<rclcpp::SerializedMessage> >::_Assignable<const std::shared_ptr<_Tp>&> std::shared_ptr<rclcpp::Subscription<rclcpp::SerializedMessage> >::operator=<_Yp>(const std::shared_ptr<_Tp>&) [with _Yp = rclcpp::Subscription<std_msgs::msg::Int64_<std::allocator<void> >, std::allocator<void>, std_msgs::msg::Int64_<std::allocator<void> >, std_msgs::msg::Int64_<std::allocator<void> >, rclcpp::message_memory_strategy::MessageMemoryStrategy<std_msgs::msg::Int64_<std::allocator<void> >, std::allocator<void> > >][m[K’
[2.614s] [01m[K/home/francesco/multi_user_backup_for_final/src/acquisition_block/src/bag_recorder.cpp:72:86:[m[K   required from here
[2.614s] [01m[K/usr/include/c++/11/bits/shared_ptr.h:130:15:[m[K [01;31m[Kerror: [m[Kno type named ‘[01m[Ktype[m[K’ in ‘[01m[Kstruct std::enable_if<false, std::shared_ptr<rclcpp::Subscription<rclcpp::SerializedMessage> >&>[m[K’
[2.614s]   130 |         using [01;31m[K_Assignable[m[K = typename enable_if<
[2.614s]       |               [01;31m[K^~~~~~~~~~~[m[K
[2.614s] [01m[K/usr/include/c++/11/bits/shared_ptr.h:374:9:[m[K [01;36m[Knote: [m[Kcandidate: ‘[01m[Ktemplate<class _Yp> std::shared_ptr<_Tp>::_Assignable<std::auto_ptr<_Up> > std::shared_ptr<_Tp>::operator=(std::auto_ptr<_Up>&&) [with _Yp = _Yp; _Tp = rclcpp::Subscription<rclcpp::SerializedMessage>][m[K’
[2.614s]   374 |         [01;36m[Koperator[m[K=(auto_ptr<_Yp>&& __r)
[2.614s]       |         [01;36m[K^~~~~~~~[m[K
[2.614s] [01m[K/usr/include/c++/11/bits/shared_ptr.h:374:9:[m[K [01;36m[Knote: [m[K  template argument deduction/substitution failed:
[2.614s] [01m[K/home/francesco/multi_user_backup_for_final/src/acquisition_block/src/bag_recorder.cpp:72:86:[m[K [01;36m[Knote: [m[K  ‘[01m[Kstd::shared_ptr<rclcpp::Subscription<std_msgs::msg::Int64_<std::allocator<void> >, std::allocator<void>, std_msgs::msg::Int64_<std::allocator<void> >, std_msgs::msg::Int64_<std::allocator<void> >, rclcpp::message_memory_strategy::MessageMemoryStrategy<std_msgs::msg::Int64_<std::allocator<void> >, std::allocator<void> > > >[m[K’ is not derived from ‘[01m[Kstd::auto_ptr<_Up>[m[K’
[2.614s]    72 |           "/"+topic_name, 10, std::bind(&SimpleBagRecorder::topic_callback, this, _1)[01;36m[K)[m[K;
[2.614s]       |                                                                                      [01;36m[K^[m[K
[2.614s] In file included from [01m[K/usr/include/c++/11/memory:77[m[K,
[2.614s]                  from [01m[K/opt/ros/humble/include/rclcpp/rclcpp/rclcpp.hpp:153[m[K,
[2.614s]                  from [01m[K/home/francesco/multi_user_backup_for_final/src/acquisition_block/src/bag_recorder.cpp:1[m[K:
[2.614s] [01m[K/usr/include/c++/11/bits/shared_ptr.h:391:9:[m[K [01;36m[Knote: [m[Kcandidate: ‘[01m[Ktemplate<class _Yp> std::shared_ptr<_Tp>::_Assignable<std::shared_ptr<_Yp> > std::shared_ptr<_Tp>::operator=(std::shared_ptr<_Yp>&&) [with _Yp = _Yp; _Tp = rclcpp::Subscription<rclcpp::SerializedMessage>][m[K’
[2.614s]   391 |         [01;36m[Koperator[m[K=(shared_ptr<_Yp>&& __r) noexcept
[2.614s]       |         [01;36m[K^~~~~~~~[m[K
[2.615s] [01m[K/usr/include/c++/11/bits/shared_ptr.h:391:9:[m[K [01;36m[Knote: [m[K  template argument deduction/substitution failed:
[2.615s] /usr/include/c++/11/bits/shared_ptr.h: In substitution of ‘[01m[Ktemplate<class _Tp> template<class _Arg> using _Assignable = typename std::enable_if<std::is_assignable<std::__shared_ptr<_Tp>&, _Arg>::value, std::shared_ptr<_Tp>&>::type [with _Arg = std::shared_ptr<rclcpp::Subscription<std_msgs::msg::Int64_<std::allocator<void> >, std::allocator<void>, std_msgs::msg::Int64_<std::allocator<void> >, std_msgs::msg::Int64_<std::allocator<void> >, rclcpp::message_memory_strategy::MessageMemoryStrategy<std_msgs::msg::Int64_<std::allocator<void> >, std::allocator<void> > > >; _Tp = rclcpp::Subscription<rclcpp::SerializedMessage>][m[K’:
[2.615s] [01m[K/usr/include/c++/11/bits/shared_ptr.h:391:2:[m[K   required by substitution of ‘[01m[Ktemplate<class _Yp> std::shared_ptr<rclcpp::Subscription<rclcpp::SerializedMessage> >::_Assignable<std::shared_ptr<_Tp> > std::shared_ptr<rclcpp::Subscription<rclcpp::SerializedMessage> >::operator=<_Yp>(std::shared_ptr<_Tp>&&) [with _Yp = rclcpp::Subscription<std_msgs::msg::Int64_<std::allocator<void> >, std::allocator<void>, std_msgs::msg::Int64_<std::allocator<void> >, std_msgs::msg::Int64_<std::allocator<void> >, rclcpp::message_memory_strategy::MessageMemoryStrategy<std_msgs::msg::Int64_<std::allocator<void> >, std::allocator<void> > >][m[K’
[2.615s] [01m[K/home/francesco/multi_user_backup_for_final/src/acquisition_block/src/bag_recorder.cpp:72:86:[m[K   required from here
[2.615s] [01m[K/usr/include/c++/11/bits/shared_ptr.h:130:15:[m[K [01;31m[Kerror: [m[Kno type named ‘[01m[Ktype[m[K’ in ‘[01m[Kstruct std::enable_if<false, std::shared_ptr<rclcpp::Subscription<rclcpp::SerializedMessage> >&>[m[K’
[2.615s]   130 |         using [01;31m[K_Assignable[m[K = typename enable_if<
[2.615s]       |               [01;31m[K^~~~~~~~~~~[m[K
[2.615s] [01m[K/usr/include/c++/11/bits/shared_ptr.h:399:9:[m[K [01;36m[Knote: [m[Kcandidate: ‘[01m[Ktemplate<class _Yp, class _Del> std::shared_ptr<_Tp>::_Assignable<std::unique_ptr<_Up, _Ep> > std::shared_ptr<_Tp>::operator=(std::unique_ptr<_Up, _Ep>&&) [with _Yp = _Yp; _Del = _Del; _Tp = rclcpp::Subscription<rclcpp::SerializedMessage>][m[K’
[2.615s]   399 |         [01;36m[Koperator[m[K=(unique_ptr<_Yp, _Del>&& __r)
[2.615s]       |         [01;36m[K^~~~~~~~[m[K
[2.615s] [01m[K/usr/include/c++/11/bits/shared_ptr.h:399:9:[m[K [01;36m[Knote: [m[K  template argument deduction/substitution failed:
[2.615s] [01m[K/home/francesco/multi_user_backup_for_final/src/acquisition_block/src/bag_recorder.cpp:72:86:[m[K [01;36m[Knote: [m[K  ‘[01m[Kstd::shared_ptr<rclcpp::Subscription<std_msgs::msg::Int64_<std::allocator<void> >, std::allocator<void>, std_msgs::msg::Int64_<std::allocator<void> >, std_msgs::msg::Int64_<std::allocator<void> >, rclcpp::message_memory_strategy::MessageMemoryStrategy<std_msgs::msg::Int64_<std::allocator<void> >, std::allocator<void> > > >[m[K’ is not derived from ‘[01m[Kstd::unique_ptr<_Tp, _Dp>[m[K’
[2.615s]    72 |           "/"+topic_name, 10, std::bind(&SimpleBagRecorder::topic_callback, this, _1)[01;36m[K)[m[K;
[2.615s]       |                                                                                      [01;36m[K^[m[K
[2.615s] In file included from [01m[K/usr/include/c++/11/memory:77[m[K,
[2.615s]                  from [01m[K/opt/ros/humble/include/rclcpp/rclcpp/rclcpp.hpp:153[m[K,
[2.615s]                  from [01m[K/home/francesco/multi_user_backup_for_final/src/acquisition_block/src/bag_recorder.cpp:1[m[K:
[2.615s] [01m[K/usr/include/c++/11/bits/shared_ptr.h:359:19:[m[K [01;36m[Knote: [m[Kcandidate: ‘[01m[Kstd::shared_ptr<_Tp>& std::shared_ptr<_Tp>::operator=(const std::shared_ptr<_Tp>&) [with _Tp = rclcpp::Subscription<rclcpp::SerializedMessage>][m[K’
[2.616s]   359 |       shared_ptr& [01;36m[Koperator[m[K=(const shared_ptr&) noexcept = default;
[2.616s]       |                   [01;36m[K^~~~~~~~[m[K
[2.616s] [01m[K/usr/include/c++/11/bits/shared_ptr.h:359:29:[m[K [01;36m[Knote: [m[K  no known conversion for argument 1 from ‘[01m[Kstd::shared_ptr<rclcpp::Subscription<std_msgs::msg::Int64_<std::allocator<void> >, std::allocator<void>, std_msgs::msg::Int64_<std::allocator<void> >, std_msgs::msg::Int64_<std::allocator<void> >, rclcpp::message_memory_strategy::MessageMemoryStrategy<std_msgs::msg::Int64_<std::allocator<void> >, std::allocator<void> > > >[m[K’ to ‘[01m[Kconst std::shared_ptr<rclcpp::Subscription<rclcpp::SerializedMessage> >&[m[K’
[2.616s]   359 |       shared_ptr& operator=([01;36m[Kconst shared_ptr&[m[K) noexcept = default;
[2.616s]       |                             [01;36m[K^~~~~~~~~~~~~~~~~[m[K
[2.616s] [01m[K/usr/include/c++/11/bits/shared_ptr.h:383:7:[m[K [01;36m[Knote: [m[Kcandidate: ‘[01m[Kstd::shared_ptr<_Tp>& std::shared_ptr<_Tp>::operator=(std::shared_ptr<_Tp>&&) [with _Tp = rclcpp::Subscription<rclcpp::SerializedMessage>][m[K’
[2.616s]   383 |       [01;36m[Koperator[m[K=(shared_ptr&& __r) noexcept
[2.616s]       |       [01;36m[K^~~~~~~~[m[K
[2.616s] [01m[K/usr/include/c++/11/bits/shared_ptr.h:383:30:[m[K [01;36m[Knote: [m[K  no known conversion for argument 1 from ‘[01m[Kstd::shared_ptr<rclcpp::Subscription<std_msgs::msg::Int64_<std::allocator<void> >, std::allocator<void>, std_msgs::msg::Int64_<std::allocator<void> >, std_msgs::msg::Int64_<std::allocator<void> >, rclcpp::message_memory_strategy::MessageMemoryStrategy<std_msgs::msg::Int64_<std::allocator<void> >, std::allocator<void> > > >[m[K’ to ‘[01m[Kstd::shared_ptr<rclcpp::Subscription<rclcpp::SerializedMessage> >&&[m[K’
[2.616s]   383 |       operator=([01;36m[Kshared_ptr&& __r[m[K) noexcept
[2.616s]       |                 [01;36m[K~~~~~~~~~~~~~^~~[m[K
[5.902s] gmake[2]: *** [CMakeFiles/bag_recorder.dir/build.make:76: CMakeFiles/bag_recorder.dir/src/bag_recorder.cpp.o] Error 1
[5.903s] gmake[1]: *** [CMakeFiles/Makefile2:165: CMakeFiles/bag_recorder.dir/all] Error 2
[5.903s] gmake: *** [Makefile:146: all] Error 2
[5.905s] Invoked command in '/home/francesco/multi_user_backup_for_final/build/acquisition_block' returned '2': CMAKE_PREFIX_PATH=${CMAKE_PREFIX_PATH}:/home/francesco/ws_moveit2/install/moveit_configs_utils:/home/francesco/ws_moveit2/install/launch_param_builder:/opt/ros/humble /usr/bin/cmake --build /home/francesco/multi_user_backup_for_final/build/acquisition_block -- -j12 -l12
